================== Started exp at:2015-07-07 06:29:53.269832 ==================
Argument ['ec2_run_app_once.py', '--diff-latency', '--task', 'wordcount']
Latency: 0 BW: 0 Result: 187.412767172

================== Started exp at:2015-07-07 06:39:53.154234 ==================
Argument ['ec2_run_app_once.py', '--diff-latency', '--task', 'wordcount']
Latency: 0 BW: 0 Result: 191.173292875

================== Started exp at:2015-07-07 06:52:47.026222 ==================
Argument ['ec2_run_app_once.py', '--diff-latency', '--task', 'wordcount']
Latency: 0 BW: 0 Result: 192.853255987







================== Started exp at:2015-07-07 07:07:42.063317 ==================
Argument ['ec2_run_app_once.py', '--diff-latency', '--task', 'wordcount', '--iter', '10']
Latency: 10 BW: 10 Result: 206.719210148,214.884564877,209.870555162,210.337272882,206.622512102,212.327547073,208.449256897,207.375983953,210.188282967,209.210248947
Latency: 1 BW: 40 Result: 195.268833876,192.499094009,191.479312897,189.311445951,190.399050951,188.797148943,188.405214071,190.828432083,187.813657999,188.369232893
Latency: 0 BW: 0 Result: 197.094236851,190.806218147,185.43571496,186.238679171,183.147723913,182.947525978,191.581775904,189.885424137,186.757344961,185.504053116
Latency: 1 BW: 10 Result: 204.338344097,212.752394199,206.661945105,211.931693077,211.501735926,208.712444067,202.176356792,205.73723197,207.483503819,216.40362215
Latency: 10 BW: 40 Result: 192.373369932,193.682804108,190.573869944,191.342676878,185.899432898,189.205191135,190.453371048,189.737434864,189.272934198,186.954058886
Latency: 1 BW: 100 Result: 189.341086864,190.124829054,191.532374859,192.319900036,193.599596024,245.642813921,188.906384945,186.95153904,190.033787966,189.122251034
Latency: 10 BW: 100 Result: 189.022765875,191.922139168,184.204046011,187.941241026,183.914010048,194.512360096,192.802378178,192.463516951,188.529978037,189.916929007




================== Started exp at:2015-07-07 17:13:42.928976 ==================
Argument ['ec2_run_app_once.py', '--diff-latency', '--task', 'terasort', '--iter', '10']




================== Started exp at:2015-07-08 10:31:41.999617 ==================
Argument ['ec2_run_app_once.py', '--diff-latency', '--iter', '10', '--task', 'graphlab']
Latency: 10 BW: 10 Result: 434.720490932,442.952211857,839.895088911,451.474513054,540.22804904,435.42173481,439.697526932,429.736884832,425.98221302,430.620573044
Latency: 1 BW: 40 Result: 429.596282959,430.571146965,452.158671141,794.630870104,586.820480108,436.811295986,427.500634909,446.104110003,430.516392946,444.824806929
Latency: 0 BW: 0 Result: 443.65615797,435.086455107,439.816165924,497.359071016,458.101891041,435.40277195,426.48468399,429.793514013,431.862396002,433.961033106
Latency: 1 BW: 10 Result: 441.684967041,444.056401968,475.661950111,972.265498877,592.320126057,427.898492813,426.009335995,422.761388063,432.823040962,433.336160898
Latency: 10 BW: 40 Result: 435.165989876,435.465116024,851.976403952,456.933433056,569.492453098,430.816622019,430.590003967,430.046009064,431.455667019,433.095818043
Latency: 1 BW: 100 Result: 433.925024986,434.405675888,455.314384937,513.396624088,449.104577065,433.572201967,435.562119961,436.048659086,432.85631609,429.956331015
Latency: 10 BW: 100 Result: 431.900357962,437.871721029,625.372970104,445.851059914,1230.69446492,431.248432159,426.97122097,428.031772137,438.152450085,420.296204805




================== Started exp at:2015-07-09 03:21:53.082307 ==================
Argument ['ec2_run_app_once.py', '--diff-latency', '--iter', '10', '--task', 'memcached']
Latency: 10 BW: 10 Result: 150.293685913,150.280540943,150.293787003,150.282344103,155.282435894,150.280959129,150.314586878,150.311461926,150.282389879,150.274999857
Latency: 1 BW: 40 Result: 150.294783831,150.276332855,150.273217201,150.293590069,150.300986052,150.288679838,150.288459063,150.329097033,150.327143908,150.28273797
Latency: 0 BW: 0 Result: 150.281159878,150.29143095,150.296783209,150.27857089,150.293276072,150.3206532,145.280820131,150.276840925,150.295657158,155.360523939
Latency: 1 BW: 10 Result: 150.275800228,150.27994895,150.282238007,150.30090189,150.294225931,150.28380394,150.310180187,150.272711039,150.28105402,150.289405823
Latency: 10 BW: 40 Result: 150.270597935,150.284305811,150.275679827,150.277930021,150.298085928,150.297972918,150.281332016,150.29163909,150.282571793,150.285307884
Latency: 1 BW: 100 Result: 150.286009073,150.279978037,150.289132118,150.307054043,150.294525862,150.286674976,155.287633896,150.300993919,155.297185898,150.3231318
Latency: 10 BW: 100 Result: 150.278411865,155.304789066,150.300369024,150.283663988,150.287837982,150.290642977,150.304607868,150.273969173,150.283809185,150.290799856
