================== Started exp at:2015-07-07 06:29:53.269832 ==================
Argument ['ec2_run_app_once.py', '--diff-latency', '--task', 'wordcount']
Latency: 0 BW: 0 Result: 187.412767172

================== Started exp at:2015-07-07 06:39:53.154234 ==================
Argument ['ec2_run_app_once.py', '--diff-latency', '--task', 'wordcount']
Latency: 0 BW: 0 Result: 191.173292875

================== Started exp at:2015-07-07 06:52:47.026222 ==================
Argument ['ec2_run_app_once.py', '--diff-latency', '--task', 'wordcount']
Latency: 0 BW: 0 Result: 192.853255987







================== Started exp at:2015-07-07 07:07:42.063317 ==================
Argument ['ec2_run_app_once.py', '--diff-latency', '--task', 'wordcount', '--iter', '10']
Latency: 10 BW: 10 Result: 206.719210148,214.884564877,209.870555162,210.337272882,206.622512102,212.327547073,208.449256897,207.375983953,210.188282967,209.210248947
Latency: 1 BW: 40 Result: 195.268833876,192.499094009,191.479312897,189.311445951,190.399050951,188.797148943,188.405214071,190.828432083,187.813657999,188.369232893
Latency: 0 BW: 0 Result: 197.094236851,190.806218147,185.43571496,186.238679171,183.147723913,182.947525978,191.581775904,189.885424137,186.757344961,185.504053116
Latency: 1 BW: 10 Result: 204.338344097,212.752394199,206.661945105,211.931693077,211.501735926,208.712444067,202.176356792,205.73723197,207.483503819,216.40362215
Latency: 10 BW: 40 Result: 192.373369932,193.682804108,190.573869944,191.342676878,185.899432898,189.205191135,190.453371048,189.737434864,189.272934198,186.954058886
Latency: 1 BW: 100 Result: 189.341086864,190.124829054,191.532374859,192.319900036,193.599596024,245.642813921,188.906384945,186.95153904,190.033787966,189.122251034
Latency: 10 BW: 100 Result: 189.022765875,191.922139168,184.204046011,187.941241026,183.914010048,194.512360096,192.802378178,192.463516951,188.529978037,189.916929007




================== Started exp at:2015-07-07 17:13:42.928976 ==================
Argument ['ec2_run_app_once.py', '--diff-latency', '--task', 'terasort', '--iter', '10']
Latency: 10 BW: 10 Result: 178.496961117,206.415420055,180.655800104,211.935614109,192.515684843,212.619187117,213.401844978,214.426460981,213.42986393,181.020688057
Latency: 1 BW: 40 Result: 219.716747999,209.715886116,212.818808079,200.155670881,193.658324003,205.95399189,204.585597038,208.417085886,212.640753031,230.647160053
Latency: 0 BW: 0 Result: 234.392457008,205.399199963,219.322221041,209.387061119,207.488430977,199.44472599,177.520586014,204.787151098,196.164507866,174.698011875
Latency: 1 BW: 10 Result: 210.558150053,207.933670998,218.807528019,214.333515882,208.474682093,184.575134039,211.818683863,210.883971214,184.752042055,204.984388828
Latency: 10 BW: 40 Result: 180.837093115,207.773795128,207.888426065,209.912289858,212.576267958,212.502601862,210.797675133,198.576349974,199.647110939,217.82389307
Latency: 1 BW: 100 Result: 207.678925037,204.826416016,203.810379028,212.758030176,210.422137022,206.990476131,175.318078995,202.101716995,213.544885874,207.697761059
Latency: 10 BW: 100 Result: 212.665829897,202.128047943,205.323889971,199.783956051,204.584063053,211.679252148,210.476503134,205.660969973,198.821040869,209.579547882






================== Started exp at:2015-07-08 10:31:41.999617 ==================
Argument ['ec2_run_app_once.py', '--diff-latency', '--iter', '10', '--task', 'graphlab']
Latency: 10 BW: 10 Result: 434.720490932,442.952211857,839.895088911,451.474513054,540.22804904,435.42173481,439.697526932,429.736884832,425.98221302,430.620573044
Latency: 1 BW: 40 Result: 429.596282959,430.571146965,452.158671141,794.630870104,586.820480108,436.811295986,427.500634909,446.104110003,430.516392946,444.824806929
Latency: 0 BW: 0 Result: 443.65615797,435.086455107,439.816165924,497.359071016,458.101891041,435.40277195,426.48468399,429.793514013,431.862396002,433.961033106
Latency: 1 BW: 10 Result: 441.684967041,444.056401968,475.661950111,972.265498877,592.320126057,427.898492813,426.009335995,422.761388063,432.823040962,433.336160898
Latency: 10 BW: 40 Result: 435.165989876,435.465116024,851.976403952,456.933433056,569.492453098,430.816622019,430.590003967,430.046009064,431.455667019,433.095818043
Latency: 1 BW: 100 Result: 433.925024986,434.405675888,455.314384937,513.396624088,449.104577065,433.572201967,435.562119961,436.048659086,432.85631609,429.956331015
Latency: 10 BW: 100 Result: 431.900357962,437.871721029,625.372970104,445.851059914,1230.69446492,431.248432159,426.97122097,428.031772137,438.152450085,420.296204805




================== Started exp at:2015-07-09 03:21:53.082307 ==================
Argument ['ec2_run_app_once.py', '--diff-latency', '--iter', '10', '--task', 'memcached']
Latency: 10 BW: 10 Result: 150.293685913,150.280540943,150.293787003,150.282344103,155.282435894,150.280959129,150.314586878,150.311461926,150.282389879,150.274999857
Latency: 1 BW: 40 Result: 150.294783831,150.276332855,150.273217201,150.293590069,150.300986052,150.288679838,150.288459063,150.329097033,150.327143908,150.28273797
Latency: 0 BW: 0 Result: 150.281159878,150.29143095,150.296783209,150.27857089,150.293276072,150.3206532,145.280820131,150.276840925,150.295657158,155.360523939
Latency: 1 BW: 10 Result: 150.275800228,150.27994895,150.282238007,150.30090189,150.294225931,150.28380394,150.310180187,150.272711039,150.28105402,150.289405823
Latency: 10 BW: 40 Result: 150.270597935,150.284305811,150.275679827,150.277930021,150.298085928,150.297972918,150.281332016,150.29163909,150.282571793,150.285307884
Latency: 1 BW: 100 Result: 150.286009073,150.279978037,150.289132118,150.307054043,150.294525862,150.286674976,155.287633896,150.300993919,155.297185898,150.3231318
Latency: 10 BW: 100 Result: 150.278411865,155.304789066,150.300369024,150.283663988,150.287837982,150.290642977,150.304607868,150.273969173,150.283809185,150.290799856





================== Started exp at:2015-07-08 16:46:47.884381 ==================
Argument ['ec2_run_app_once.py', '--diff-latency', '--iter', '10', '--task', 'terasort']
Latency: 10 BW: 10 Result: 556.202970028,545.222081184,497.553902864,620.395436049,516.356697083,512.02726388,495.121081114,489.567543983,511.052170992,499.75535202
Latency: 1 BW: 40 Result: 591.083472013,505.140917063,499.82772994,567.433604956,505.042222977,500.796847105,612.232429028,489.676501989,544.602920055,509.857910872
Latency: 0 BW: 0 Result: 625.027616978,656.973827124,505.975590944,551.936964035,505.455842972,519.852526188,512.47786808,511.250181913,511.043828011,504.106158018
Latency: 1 BW: 10 Result: 551.568887949,598.378587008,534.795419931,501.551699162,499.247385025,518.552738905,532.516152859,556.204411983,525.997202158,567.047942877
Latency: 10 BW: 40 Result: 499.718518972,535.107022047,506.658797979,501.936182022,509.456407785,502.883188009,517.391143084,13.7223188877,555.122081041,491.768893957
Latency: 1 BW: 100 Result: 544.671583891,580.159241915,514.029270172,501.557579994,511.022228003,584.529090166,499.755428076,507.719760895,534.476995945,496.23161006
Latency: 10 BW: 100 Result: 517.497582197,493.52876687,502.022113085,546.497966051,562.017379045,501.703005075,521.775084019,495.676764011,502.478591919,493.317991972




================== Started exp at:2015-07-11 01:19:46.037864 ==================
Argument ['ec2_run_app_once.py', '--task', 'wordcount', '--iter', '5']
Latency: 1 BW: 10 Result: 465.027886868,445.936604977,446.862560034,467.293614864,441.512355089




================== Started exp at:2015-07-11 16:50:47.376729 ==================
Argument ['ec2_run_app_once.py', '--task', 'wordcount', '--iter', '10', '--vary-latency']
Latency: 10 BW: 10 Result: 551.877443075,543.516361952,591.924039841,560.423270226,567.434527874,561.219825029,568.957602978,555.284772873,572.369677067,546.101572037
Latency: 1 BW: 40 Result: 462.187087059,458.355992079,455.608962059,467.694032192,453.470502138,462.955956936,468.384248018,478.00259304,462.110249996,452.615345955
Latency: 0 BW: 0 Result: 441.804409981,449.601717949,430.969870806,458.78780508,432.071230173,440.42205596,452.826772928,457.627450943,435.881118059,442.297371149
Latency: 1 BW: 10 Result: 542.871992826,566.808215141,553.742460012,586.022005081,575.151705027,561.380895853,552.774825811,566.787981987,565.290251017,560.426519156
Latency: 10 BW: 40 Result: 455.440607786,440.853631973,458.115507126,449.792016029,452.616827011,451.314334869,444.478714943,458.812742949,461.177612066,461.947045088
Latency: 1 BW: 100 Result: 447.797267914,453.403560162,438.196741819,464.037853003,442.019071102,454.080509186,468.346657991,455.076414824,468.698189974,453.360724926
Latency: 10 BW: 100 Result: 453.587977886,453.752828836,439.97350502,443.612334967,450.843991995,467.065837145,452.873039007,450.55609107,460.375575781,459.626607895




================== Started exp at:2015-07-11 21:14:18.602873 ==================
Argument ['ec2_run_app_once.py', '--task', 'terasort']
Latency: 1 BW: 10 Result: 343.122434855




================== Started exp at:2015-07-11 21:42:14.673197 ==================
Argument ['ec2_run_app_once.py', '--task', 'terasort']
Latency: 1 BW: 10 Result: 4.70283508301




================== Started exp at:2015-07-11 21:44:11.621237 ==================
Argument ['ec2_run_app_once.py', '--task', 'terasort']
Latency: 1 BW: 10 Result: 10.7771999836




================== Started exp at:2015-07-12 06:10:45.161083 ==================
Argument ['ec2_run_app_once.py', '--task', 'terasort']
Latency: 1 BW: 10 Result: 524.298658133




================== Started exp at:2015-07-12 06:35:39.244015 ==================
Argument ['ec2_run_app_once.py', '--task', 'terasort']
Latency: 1 BW: 10 Result: 42.3604650497




================== Started exp at:2015-07-12 06:52:26.930714 ==================
Argument ['ec2_run_app_once.py', '--task', 'terasort']
Latency: 1 BW: 10 Result: 289.069527149




================== Started exp at:2015-07-12 07:02:29.502429 ==================
Argument ['ec2_run_app_once.py', '--task', 'terasort']
Latency: 1 BW: 10 Result: 41.6300270557




================== Started exp at:2015-07-12 07:05:59.453092 ==================
Argument ['ec2_run_app_once.py', '--task', 'terasort']
Latency: 1 BW: 10 Result: 40.9421429634




================== Started exp at:2015-07-12 07:21:56.889178 ==================
Argument ['ec2_run_app_once.py', '--task', 'terasort']
Latency: 1 BW: 10 Result: 8.98948597908




================== Started exp at:2015-07-12 07:38:03.455274 ==================
Argument ['ec2_run_app_once.py', '--task', 'terasort']
Latency: 1 BW: 10 Result: 32.5080339909




================== Started exp at:2015-07-12 07:40:01.030150 ==================
Argument ['ec2_run_app_once.py', '--task', 'terasort']
Latency: 1 BW: 10 Result: 20.3318908215




================== Started exp at:2015-07-12 08:20:49.904288 ==================
Argument ['ec2_run_app_once.py', '--task', 'terasort']
Latency: 1 BW: 10 Result: 335.576858997




================== Started exp at:2015-07-12 16:04:09.009461 ==================
Argument ['ec2_run_app_once.py', '--task', 'terasort', '--vary-latency', '--iter', '10']
Latency: 10 BW: 10 Result: 319.344155073,323.255877972,325.157356024,322.243604183,328.372165918,339.355289936,327.385761023,364.424571991,313.465509892,314.38772893
Latency: 1 BW: 40 Result: 300.350375891,300.307420015,297.260744095,300.237987995,315.391138077,312.278436184,315.47826314,312.279340029,322.284734964,302.287577868
Latency: 0 BW: 0 Result: 314.322180986,313.429304123,306.138039827,303.193866014,305.394423008,303.277156115,320.449252129,315.36206913,316.282924175,309.261882067
Latency: 1 BW: 10 Result: 337.409879923,327.273446083,333.275280952,312.1663661,331.308475018,340.34316802,339.385783911,336.351597071,331.342329979,323.336467981
Latency: 10 BW: 40 Result: 318.371468067,314.409689903,299.222885132,316.221440077,315.283753872,315.29334712,305.38065815,303.251912117,315.274354935,297.298346996
Latency: 1 BW: 100 Result: 344.529261112,301.324746847,313.217141151,297.154932022,314.324632168,294.370977879,300.37269187,309.362012148,312.311095953,302.28899312
Latency: 10 BW: 100 Result: 303.395550013,315.240675211,299.199800014,321.22866416,305.075319052,314.264320135,315.274239063,302.334069014,308.269644976,297.674292803




================== Started exp at:2015-07-12 23:08:52.916360 ==================
Argument ['ec2_run_app_once.py', '--task', 'terasort', '-b', '0', '-l', '0', '--iter', '10']
Latency: 0 BW: 0 Result: 388.559993982,331.32870698,375.24198699,354.788544893,365.360306978,328.369594097,356.330600023,276.289637089,299.273576021,300.35370183




================== Started exp at:2015-07-13 02:06:06.854383 ==================
Argument ['ec2_run_app_once.py', '--task', 'terasort', '-b', '0', '-l', '0', '--iter', '10']
Latency: 0 BW: 0 Result: 300.26515317,298.411401987,283.315253973,298.250357151,288.334758043,296.327018976,286.360403061,284.28876996,289.348722935,290.17714119




================== Started exp at:2015-07-13 03:11:01.451661 ==================
Argument ['ec2_run_app_once.py', '--task', 'terasort', '-b', '0', '-l', '0', '--iter', '10']
Latency: 0 BW: 0 Result: 287.247473001,276.245069981,285.459721804,287.204898119,293.234138966,281.226776838,290.352148056,287.33340621,291.361649036,302.306185007




================== Started exp at:2015-07-12 22:58:44.315798 ==================
Argument ['ec2_run_app_once.py', '--task', 'graphlab', '--vary-latency', '--iter', '10']
Latency: 10 BW: 10 Result: 1175.1359489,1164.43941498,1167.06699491,1188.11275196,1168.52493811,1164.50246382,1171.6500349,1170.4773581,1169.09102798,1161.33496809
Latency: 1 BW: 40 Result: 1134.72094893,1128.49823308,1133.40577602,1146.97887993,1133.57130384,1131.87894392,1133.60373783,1130.19356918,1126.80613184,1128.15457797
Latency: 0 BW: 0 Result: 1126.92002916,1126.74661303,1182.30189705,1121.81180787,1129.75991917,1125.03972292,1177.1312449,1135.21359897,1128.49319506,1128.96604609
Latency: 1 BW: 10 Result: 1178.66358995,1157.75273013,1155.03845286,1178.25975895,1167.60369802,1166.82211685,1165.12351203,1167.24066997,1175.30506897,1168.77277303
Latency: 10 BW: 40 Result: 1129.464854,1135.43250513,1130.36703205,1131.09813905,1131.7936151,1130.14050508,1132.76652598,1133.20316601,1132.37700105,1140.76493502
Latency: 1 BW: 100 Result: 1136.48608685,1134.80312991,1124.25064492,1132.25067902,1133.70471096,1130.98337603,1135.74903393,1139.30327392,1134.36137795,1130.57554007
Latency: 10 BW: 100 Result: 1120.13501191,1123.47438407,1128.57249403,1126.84224582,1132.66413283,1122.4983809,1136.9010911,1140.09360003,1131.26833797,1124.31185484




================== Started exp at:2015-07-13 01:23:40.339439 ==================
Argument ['ec2_run_app_once.py', '--task', 'memcached']
Latency: 1 BW: 10 Result: 95.1421928406




================== Started exp at:2015-07-13 04:03:40.496013 ==================
Argument ['ec2_run_app_once.py', '--task', 'memcached']
Latency: 1 BW: 10 Result: 20.1935498714




================== Started exp at:2015-07-13 04:16:26.851895 ==================
Argument ['ec2_run_app_once.py', '--task', 'memcached']
Latency: 1 BW: 10 Result: 95.1111371517




================== Started exp at:2015-07-13 04:32:02.465642 ==================
Argument ['ec2_run_app_once.py', '--task', 'memcached']
Latency: 1 BW: 10 Result: 430.151474953




================== Started exp at:2015-07-13 06:20:36.544547 ==================
Argument ['ec2_run_app_once.py', '--task', 'memcached']
Latency: 1 BW: 10 Result: 430.146209955




================== Started exp at:2015-07-13 07:30:20.624071 ==================
Argument ['ec2_run_app_once.py', '--task', 'terasort-vary-size']
Input Size (GB) 10 Result: 188.078655005




================== Started exp at:2015-07-13 07:36:24.211277 ==================
Argument ['ec2_run_app_once.py', '--task', 'terasort-vary-size']
Input Size (GB) 10 Result: 185.024098158




================== Started exp at:2015-07-13 07:44:31.412208 ==================
Argument ['ec2_run_app_once.py', '--task', 'terasort-vary-size']
Input Size (GB) 10 Result: 175.065443993




================== Started exp at:2015-07-13 08:16:39.348073 ==================
Argument ['ec2_run_app_once.py', '--task', 'terasort-vary-size']




================== Started exp at:2015-07-13 08:55:19.473760 ==================
Argument ['ec2_run_app_once.py', '--task', 'terasort-vary-size']




================== Started exp at:2015-07-13 09:02:16.729453 ==================
Argument ['ec2_run_app_once.py', '--task', 'terasort-vary-size']
Latency: 0 BW: 0 Size: 0.500000 Result: 51.6185040474
Latency: 10 BW: 40 Size: 0.500000 Result: 49.66751194
Latency: 0 BW: 0 Size: 0.500000 RemainingRam: 106.154239655
Latency: 10 BW: 40 Size: 0.500000 RemainingRam: 135.534996033




================== Started exp at:2015-07-13 19:47:20.909006 ==================
Argument ['ec2_run_app_once.py', '--task', 'terasort-vary-size', '--iter', '5']
Latency: 10 BW: 40 Size: 20.000000 Result: 402.645540953,299.33653307,311.317401886,302.306455851,293.291960955
Latency: 10 BW: 40 Size: 40.000000 Result: 748.153334856,659.236029863,574.730422974,577.749058008,584.845940828
Latency: 10 BW: 40 Size: 30.000000 Result: 551.066451073,450.50197506,439.613806009,445.816549063,451.625707865
Latency: 10 BW: 40 Size: 50.000000 Result: 766.190220833,739.994052887,739.954813957,729.950810909,713.940762997
Latency: 0 BW: 0 Size: 50.000000 Result: 901.166420937,784.991142988,748.917762995,771.05965519,734.955413818
Latency: 0 BW: 0 Size: 30.000000 Result: 631.99127388,437.651045084,441.594794035,426.524085999,465.56867981
Latency: 0 BW: 0 Size: 40.000000 Result: 779.930243015,602.77576685,577.697118044,574.73269105,572.771500111
Latency: 0 BW: 0 Size: 20.000000 Result: 420.521377087,297.556916952,345.714802027,306.29006815,338.390721083
Latency: 10 BW: 40 Size: 20.000000 RemainingRam: 98.568397522,99.9772644043,100.362503052,99.468082428,99.2938766479
Latency: 10 BW: 40 Size: 40.000000 RemainingRam: 80.3094329834,80.8684692383,81.375328064,82.7701759338,78.5001487732
Latency: 10 BW: 40 Size: 30.000000 RemainingRam: 86.2458839417,92.5277786255,92.6029930115,91.8503417969,90.1219520569
Latency: 10 BW: 40 Size: 50.000000 RemainingRam: 75.0042648315,74.8496360779,76.5933799744,72.5166244507,75.6795463562
Latency: 0 BW: 0 Size: 50.000000 RemainingRam: 67.7602462769,72.5441398621,74.2114562988,74.7488327026,71.9331855774
Latency: 0 BW: 0 Size: 30.000000 RemainingRam: 87.9393959045,91.7502822876,90.5646209717,90.0573043823,87.7461242676
Latency: 0 BW: 0 Size: 40.000000 RemainingRam: 77.228553772,82.6641616821,81.5969047546,82.425994873,80.7423934937
Latency: 0 BW: 0 Size: 20.000000 RemainingRam: 100.197101593,101.85843277,97.9251861572,100.263004303,98.1561546326




================== Started exp at:2015-07-14 01:49:34.516261 ==================
Argument ['ec2_run_app_once.py', '--task', 'terasort-vary-size', '--iter', '1']
Latency: 0 BW: 0 Size: 120.000000 Result: 2023.72438312
Latency: 10 BW: 40 Size: 120.000000 Result: 1850.75701189
Latency: 0 BW: 0 Size: 120.000000 RemainingRam: 39.001247406
Latency: 10 BW: 40 Size: 120.000000 RemainingRam: 40.135017395




================== Started exp at:2015-07-14 03:49:27.739574 ==================
Argument ['ec2_run_app_once.py', '--task', 'terasort-vary-size', '--iter', '1']
Latency: 0 BW: 0 Size: 120.000000 Result: 1798.40546703
Latency: 10 BW: 40 Size: 120.000000 Result: 1839.50816607
Latency: 0 BW: 0 Size: 120.000000 RemainingRam: 39.7317008972
Latency: 10 BW: 40 Size: 120.000000 RemainingRam: 41.2967376709




================== Started exp at:2015-07-14 16:54:34.415020 ==================
Argument ['ec2_run_app_once.py', '--task', 'terasort', '--vary-latency-40g', '--iter', '10']
Latency: 80 BW: 40 Result: 322.235420942,298.340623856,291.18167901,300.193840981,284.302353144,303.231769085,324.43499589,285.348031044,285.346560001,288.257882833
Latency: 5 BW: 40 Result: 465.545701981,293.33438611,301.243858814,307.210540056,304.203879833,290.321028948,300.223790884,310.470587015,295.449059963,290.39179492
Latency: 40 BW: 40 Result: 296.331238985,300.218255043,300.186269999,294.275768995,286.193030119,290.241636992,314.335968971,312.238142967,304.240014076,286.578100204
Latency: 1 BW: 40 Result: 507.766561031,295.303230047,300.307319164,312.31550312,288.200418949,287.221580982,284.228384972,330.500072002,292.342642069,291.265674829
Latency: 100 BW: 40 Result: 288.324663877,311.347904921,291.28008008,287.316634893,296.23196888,291.341542959,331.886031866,6941.68010402,292.323940992,288.213528872
Latency: 60 BW: 40 Result: 306.353974104,311.268429041,294.252917051,287.270941973,285.197069168,285.296179056,351.402775049,307.363554001,282.354103088,286.220868111
Latency: 10 BW: 40 Result: 298.334704161,288.224500179,336.484448195,288.286616087,293.19747901,284.206423998,284.710974932,297.461967945,287.215282917,297.381790876
Latency: 20 BW: 40 Result: 319.386610031,289.172158003,319.42219615,285.213709831,294.199594975,285.223486185,299.26017499,298.510650158,297.350583076,282.192883015





================== Started exp at:2015-07-14 09:40:55.784346 ==================
Argument ['ec2_run_app_once.py', '--task', 'memcached', '--vary-latency', '--iter', '10']
Latency: 10 BW: 10 Result: 430.144597054,430.148102999,430.158162117,430.152647972,430.141249895,430.165703058,430.14786005,430.146757841,430.152215958,430.15237999
Latency: 1 BW: 40 Result: 430.148881912,430.153076887,430.148990154,430.147730112,430.150449038,430.171246052,430.163419008,430.149407148,430.147587061,430.153437853
Latency: 0 BW: 0 Result: 430.14496994,430.144559145,430.148420095,430.142452002,430.148438931,430.144842148,430.149526834,430.184412956,430.147443056,430.142798901
Latency: 1 BW: 10 Result: 430.146543026,430.146043062,430.159662962,430.156610012,430.144675016,430.152650118,430.144886971,430.151570082,430.148286104,430.142765999
Latency: 10 BW: 40 Result: 430.148039818,430.146033764,430.169236183,430.148506165,430.147271156,430.145555019,430.150275946,430.149230003,430.144770861,430.151456118
Latency: 1 BW: 100 Result: 430.156486988,430.147271156,430.150557995,430.152536869,430.148267031,430.147221088,430.149563074,430.153879881,430.144905806,430.14745903
Latency: 10 BW: 100 Result: 430.150953054,430.146611929,430.151459932,430.150010109,430.152332067,430.150384903,430.148472071,430.145381927,430.146636963,430.147109985




================== Started exp at:2015-07-15 09:53:04.117488 ==================
Argument ['ec2_run_app_once.py', '--task', 'wordcount', '--vary-latency', '--iter', '10']
Latency: 10 BW: 10 Result: 634.426846027,637.191186905,706.022725105,769.772352934,789.665889978,704.897554874,726.864110947,687.038673878,645.525610924,680.861420155
Latency: 1 BW: 40 Result: 396.728148937,413.003316164,407.256906986,409.386207819,424.57505703,410.137817144,406.311336994,425.104704142,466.211400032,461.535385847
Latency: 0 BW: 0 Result: 386.983165026,393.277570963,392.093811989,413.356944084,396.907400846,398.15800786,396.428128958,413.094856977,413.290534973,406.843822002
Latency: 1 BW: 10 Result: 496.266508818,500.439702988,510.44472599,490.966871023,505.582509995,510.327927828,492.859904051,523.290015221,511.330447912,548.83150506
Latency: 10 BW: 40 Result: 516.514672995,545.572072983,527.46630311,535.001193047,589.460272074,518.997352839,538.622889996,536.396404982,527.166462898,527.670407057
Latency: 1 BW: 100 Result: 412.629745007,407.107801914,418.101844788,412.992957115,394.532474995,417.993057013,444.92110014,413.315115929,432.101886034,418.790793896
Latency: 10 BW: 100 Result: 525.933506966,522.77156806,610.666607857,564.42581892,529.442225933,525.65764308,527.435286999,535.025076151,581.193190098,544.58960104




================== Started exp at:2015-07-15 00:09:21.220564 ==================
Argument ['ec2_run_app_once.py', '--task', 'memcached', '--vary-latency']
Latency: 10 BW: 10 Result: 430.146325827
Latency: 1 BW: 40 Result: 430.146990061
Latency: 0 BW: 0 Result: 435.176762104
Latency: 1 BW: 10 Result: 435.145841122
Latency: 10 BW: 40 Result: 430.145904064
Latency: 1 BW: 100 Result: 430.144650936
Latency: 10 BW: 100 Result: 430.157271147




================== Started exp at:2015-07-15 00:58:15.328116 ==================
Argument ['ec2_run_app_once.py', '--task', 'memcached']
Latency: 1 BW: 10 Result: 430.149510145




================== Started exp at:2015-07-15 01:19:05.174171 ==================
Argument ['ec2_run_app_once.py', '--task', 'memcached', '-i', '-b', '10', '-l', '10']
Latency: 10 BW: 10 Result: 430.146375895




================== Started exp at:2015-07-15 04:47:40.287315 ==================
Argument ['ec2_run_app_once.py', '--task', 'memcached', '-i', '-b', '10', '-l', '10']
Latency: 10 BW: 10 Result: 663.9




================== Started exp at:2015-07-15 05:03:51.279722 ==================
Argument ['ec2_run_app_once.py', '--task', 'memcached']
Latency: 1 BW: 10 Result: 662.72




================== Started exp at:2015-07-15 07:12:27.901652 ==================
Argument ['ec2_run_app_once.py', '--task', 'memcached']
Latency: 1 BW: 10 Result: 261.558




================== Started exp at:2015-07-15 07:24:11.465590 ==================
Argument ['ec2_run_app_once.py', '--task', 'memcached', '-i', '-b', '10', '-l', '10']
Latency: 10 BW: 10 Result: 324.764




================== Started exp at:2015-07-15 22:47:13.567972 ==================
Argument ['ec2_run_app_once.py', '--task', 'wordcount', '--vary-latency']
Latency: 5 BW: 100 Result: 367.422378778
Latency: 5 BW: 40 Result: 363.276300907
Latency: 10 BW: 10 Result: 507.52964592
Latency: 1 BW: 40 Result: 321.846733093
Latency: 5 BW: 10 Result: 468.437939167
Latency: 0 BW: 0 Result: 319.412225962
Latency: 1 BW: 10 Result: 405.508188009
Latency: 10 BW: 40 Result: 390.693193197
Latency: 1 BW: 100 Result: 328.355908155
Latency: 10 BW: 100 Result: 440.355576992




================== Started exp at:2015-07-16 04:25:11.042658 ==================
Argument ['ec2_run_app_once.py', '--task', 'terasort-vary-size']
Latency: 1 BW: 40 Size: 60.000000 Result: 1101.99075103
Latency: 0 BW: 0 Size: 60.000000 Result: 686.294574022
Latency: 1 BW: 40 Size: 120.000000 Result: 673.936661005
Latency: 0 BW: 0 Size: 120.000000 Result: 674.943459988
Latency: 0 BW: 0 Size: 150.000000 Result: 670.865384102
Latency: 1 BW: 40 Size: 150.000000 Result: 682.906067133
Latency: 0 BW: 0 Size: 30.000000 Result: 1813.88167095
Latency: 1 BW: 40 Size: 30.000000 Result: 1179.60001588
Latency: 0 BW: 0 Size: 90.000000 Result: 669.831422806
Latency: 1 BW: 40 Size: 90.000000 Result: 684.055096865
Latency: 1 BW: 40 Size: 180.000000 Result: 673.785186052
Latency: 0 BW: 0 Size: 180.000000 Result: 700.930685997
Latency: 1 BW: 40 Size: 60.000000 RemainingRam: 69.4454498291
Latency: 0 BW: 0 Size: 60.000000 RemainingRam: 72.935043335
Latency: 1 BW: 40 Size: 120.000000 RemainingRam: 75.8972969055
Latency: 0 BW: 0 Size: 120.000000 RemainingRam: 76.0583457947
Latency: 0 BW: 0 Size: 150.000000 RemainingRam: 75.8156547546
Latency: 1 BW: 40 Size: 150.000000 RemainingRam: 75.1026077271
Latency: 0 BW: 0 Size: 30.000000 RemainingRam: 55.925163269
Latency: 1 BW: 40 Size: 30.000000 RemainingRam: 65.0345191956
Latency: 0 BW: 0 Size: 90.000000 RemainingRam: 73.7281532288
Latency: 1 BW: 40 Size: 90.000000 RemainingRam: 74.0512619019
Latency: 1 BW: 40 Size: 180.000000 RemainingRam: 72.9323768616
Latency: 0 BW: 0 Size: 180.000000 RemainingRam: 71.9863471985




================== Started exp at:2015-07-17 21:36:36.081425 ==================
Argument ['ec2_run_app_once.py', '--task', 'terasort-vary-size', '--iter', '5']
Latency: 1 BW: 40 Size: 60.000000 Result: 1888.09797812,1097.55893111,1097.37520385,1888.30378079,2261.37850404
Latency: 0 BW: 0 Size: 60.000000 Result: 1851.95656586,1869.43396807,2078.67661405,1849.33458614,1605.92681718
Latency: 1 BW: 40 Size: 120.000000 Result: 2198.43721199,1832.35683203,1961.85290098,1750.23936701,1980.22024298
Latency: 0 BW: 0 Size: 120.000000 Result: 1813.25654101,1062.48134899,1262.62992597,1144.41477299,1512.658674
Latency: 0 BW: 0 Size: 150.000000 Result: 2130.61253381,1943.54298306,1306.684762,1857.3813951,1965.27807283
Latency: 1 BW: 40 Size: 150.000000 Result: 2322.87235117,1809.3478651,1805.48547602,2103.57316709,2085.34551692
Latency: 0 BW: 0 Size: 30.000000 Result: 1882.10400701,1911.47778106,1075.40525413,1739.00467682,1729.98798609
Latency: 1 BW: 40 Size: 30.000000 Result: 1933.09779501,1745.22614002,1034.35403109,1989.27114606,982.085423946
Latency: 0 BW: 0 Size: 90.000000 Result: 1656.85851097,1920.487149,997.278330088,1846.27207994,2890.12433386
Latency: 1 BW: 40 Size: 90.000000 Result: 1984.23475599,2000.68031096,1884.45298004,2045.50773692,1599.95111084
Latency: 1 BW: 40 Size: 180.000000 Result: 1842.42828894,2035.24373817,1081.38246179,1642.30461812,2555.72853613
Latency: 0 BW: 0 Size: 180.000000 Result: 685.817300797,1762.01490402,1939.46531296,2146.76304102,1835.99427605
Latency: 1 BW: 40 Size: 60.000000 RemainingRam: 51.0227432251,76.5168914795,71.5703430176,51.6980476379,46.8814315796
Latency: 0 BW: 0 Size: 60.000000 RemainingRam: 47.462688446,50.8237380981,48.3825721741,48.1923217773,57.2838401794
Latency: 1 BW: 40 Size: 120.000000 RemainingRam: 44.9590454102,52.5260238647,52.0137672424,51.5777168274,49.9719238281
Latency: 0 BW: 0 Size: 120.000000 RemainingRam: 51.8809356689,69.3502311707,67.14245224,65.5852622986,51.5225448608
Latency: 0 BW: 0 Size: 150.000000 RemainingRam: 47.6339759827,48.5443916321,64.2460250854,49.8692245483,47.8415679932
Latency: 1 BW: 40 Size: 150.000000 RemainingRam: 45.5319519043,54.0573730469,53.9176101685,50.0189247131,51.321559906
Latency: 0 BW: 0 Size: 30.000000 RemainingRam: 51.9505386353,48.5099563599,73.8843994141,54.0343284607,49.5036621094
Latency: 1 BW: 40 Size: 30.000000 RemainingRam: 51.2745094299,57.9756202698,74.5121765137,49.9534873962,75.4434242249
Latency: 0 BW: 0 Size: 90.000000 RemainingRam: 53.568611145,49.9029693604,75.1222343445,52.4905090332,38.8513526917
Latency: 1 BW: 40 Size: 90.000000 RemainingRam: 47.2480049133,51.2886962891,49.9615097046,50.8324279785,46.8942298889
Latency: 1 BW: 40 Size: 180.000000 RemainingRam: 53.9897346497,48.0608634949,71.7525177002,54.7026290894,45.7477111816
Latency: 0 BW: 0 Size: 180.000000 RemainingRam: 73.4783439636,52.8456001282,44.4173660278,39.4231872559,50.6139373779




================== Started exp at:2015-07-16 01:02:24.290426 ==================
Argument ['ec2_run_app_once.py', '--task', 'graphlab', '--vary-latency', '--iter', '1']
Latency: 5 BW: 100 Result: 1253.89369011
Latency: 5 BW: 40 Result: 1236.15516114
Latency: 10 BW: 10 Result: 1237.68603611
Latency: 1 BW: 40 Result: 1209.660115
Latency: 5 BW: 10 Result: 1260.76445389
Latency: 0 BW: 0 Result: 1223.60172701
Latency: 1 BW: 10 Result: 1242.42933583
Latency: 10 BW: 40 Result: 1231.04756284
Latency: 1 BW: 100 Result: 1208.44801784
Latency: 10 BW: 100 Result: 1227.61273193




================== Started exp at:2015-07-16 04:21:15.263377 ==================
Argument ['ec2_run_app_once.py', '--task', 'graphlab', '--vary-latency', '--iter', '1']
Latency: 5 BW: 100 Result: 871.006998062
Latency: 5 BW: 40 Result: 873.867958069
Latency: 10 BW: 10 Result: 883.062844038
Latency: 1 BW: 40 Result: 868.265250921
Latency: 5 BW: 10 Result: 894.576261997
Latency: 0 BW: 0 Result: 867.974606991
Latency: 1 BW: 10 Result: 871.847725153
Latency: 10 BW: 40 Result: 881.500040054
Latency: 1 BW: 100 Result: 889.31873107
Latency: 10 BW: 100 Result: 881.176271915




================== Started exp at:2015-07-16 05:13:47.855503 ==================
Argument ['ec2_run_app_once.py', '--task', 'graphlab', '-i', '-l', '1', '-b', '100']
Latency: 1 BW: 100 Result: 873.363580942




================== Started exp at:2015-07-16 06:31:53.998009 ==================
Argument ['ec2_run_app_once.py', '--task', 'terasort', '--vary-latency-40g', '--iter', '10']
Latency: 80 BW: 40 Result: 0.923463106155,0.887650966644,0.946403980255,0.872797012329,0.926830053329,0.911350011826,1.01044201851,1.07717990875,0.928984165192,0.882390975952
Latency: 5 BW: 40 Result: 0.884477853775,0.929728984833,0.874398946762,0.919581890106,0.876089096069,0.883586883545,0.961215019226,0.883190155029,0.911036968231,0.906868934631
Latency: 40 BW: 40 Result: 0.91489815712,0.885765075684,0.919036865234,0.873956918716,0.895336866379,0.891436100006,0.867579936981,0.896292924881,0.885474205017,0.907341003418
Latency: 1 BW: 40 Result: 1.01889681816,0.890836000443,0.919435977936,0.877035140991,0.907321929932,0.930274963379,0.91742682457,0.919262886047,0.919774055481,0.881875991821
Latency: 100 BW: 40 Result: 0.898005008698,0.894917964935,0.864467859268,0.911246061325,0.875370025635,0.879804134369,0.918190956116,1.04173898697,0.910069942474,0.913339138031
Latency: 60 BW: 40 Result: 0.976641178131,0.89476108551,0.879992961884,0.89065694809,0.871821165085,0.874017000198,0.946088075638,0.890372037888,0.872526884079,0.893846988678
Latency: 10 BW: 40 Result: 0.899333000183,0.876041889191,0.911661863327,0.917205810547,0.913447141647,0.967773914337,0.883452892303,0.915153980255,0.946806907654,0.930465936661
Latency: 20 BW: 40 Result: 0.935559988022,0.883805990219,0.874104976654,0.891366958618,0.938687086105,1.02197480202,0.938855886459,0.949206113815,0.912897109985,0.877760887146




================== Started exp at:2015-07-16 22:19:37.903619 ==================
Argument ['ec2_run_app_once.py', '--task', 'terasort', '--vary-latency-40g']
Latency: 80 BW: 40 Result: 922.1313169
Latency: 5 BW: 40 Result: 731.286962986
Latency: 40 BW: 40 Result: 751.007023096
Latency: 1 BW: 40 Result: 961.383382082
Latency: 100 BW: 40 Result: 1010.91932416
Latency: 60 BW: 40 Result: 871.27037096
Latency: 10 BW: 40 Result: 680.853924036
Latency: 20 BW: 40 Result: 719.875475883



================== Started exp at:2015-07-15 23:32:07.151816 ==================
Argument ['ec2_run_app_once.py', '--task', 'terasort', '--vary-latency', '--iter', '1']
Latency: 5 BW: 100 Result: 637.66997385
Latency: 5 BW: 40 Result: 623.681202888
Latency: 10 BW: 10 Result: 690.715544939
Latency: 1 BW: 40 Result: 625.68444109
Latency: 5 BW: 10 Result: 660.616590023
Latency: 0 BW: 0 Result: 617.893347979
Latency: 1 BW: 10 Result: 656.611750126
Latency: 10 BW: 40 Result: 654.695940971
Latency: 1 BW: 100 Result: 617.444646835
Latency: 10 BW: 100 Result: 645.962622166



================== Started exp at:2015-07-15 23:21:09.585691 ==================
Argument ['ec2_run_app_once.py', '--task', 'memcached', '--vary-latency', '--iter', '1']
Latency: 5 BW: 100 Result: 142.145782948 246.834
Latency: 5 BW: 40 Result: 142.614557028 247.654
Latency: 10 BW: 10 Result: 157.390887976 274.16
Latency: 1 BW: 40 Result: 137.244465113 236.198
Latency: 5 BW: 10 Result: 147.218815088 260.814
Latency: 0 BW: 0 Result: 137.054336071 232.138
Latency: 1 BW: 10 Result: 142.619420052 250.504
Latency: 10 BW: 40 Result: 147.691431999 257.346
Latency: 1 BW: 100 Result: 137.744789839 236.012
Latency: 10 BW: 100 Result: 147.979622126 258.63




================== Started exp at:2015-07-16 22:59:39.793245 ==================
Argument ['ec2_run_app_once.py', '--task', 'terasort', '-t']
Latency: 1 BW: 10 Result: 640.782480001




================== Started exp at:2015-07-19 06:02:23.462075 ==================
Argument ['ec2_run_app_once.py', '--task', 'wordcount', '-t']
Latency: 1 BW: 10 Result: 323.930896997




================== Started exp at:2015-07-16 23:15:12.512688 ==================
Argument ['ec2_run_app_once.py', '--task', 'terasort', '-t']
Latency: 1 BW: 10 Result: 665.830305815




================== Started exp at:2015-07-16 23:30:44.807393 ==================
Argument ['ec2_run_app_once.py', '--task', 'terasort', '-t']
Latency: 1 BW: 10 Result: 654.190922976




================== Started exp at:2015-07-17 00:48:29.791750 ==================
Argument ['ec2_run_app_once.py', '--task', 'terasort', '-t']
Latency: 1 BW: 10 Result: 635.772918224




================== Started exp at:2015-07-17 07:23:35.890262 ==================
Argument ['ec2_run_app_once.py', '--task', 'wordcount', '-t']
Latency: 1 BW: 10 Result: 4.13813495636




================== Started exp at:2015-07-17 07:43:57.932115 ==================
Argument ['ec2_run_app_once.py', '--task', 'graphlab', '-t']
Latency: 1 BW: 10 Result: 838.245880842




================== Started exp at:2015-07-17 08:22:40.202861 ==================
Argument ['ec2_run_app_once.py', '--task', 'memcached', '-t']
Latency: 1 BW: 10 Result: 147.125025034:251.076




================== Started exp at:2015-07-20 10:36:58.650640 ==================
Argument ['ec2_run_app_once.py', '--task', 'graphlab', '--vary-latency']
Latency: 5 BW: 100 Result: 1456.00150895
Latency: 5 BW: 40 Result: 1451.65858889
Latency: 10 BW: 10 Result: 1498.19324684
Latency: 1 BW: 40 Result: 1451.05219102
Latency: 5 BW: 10 Result: 1478.06730413
Latency: 0 BW: 0 Result: 1430.41471815
Latency: 1 BW: 10 Result: 1490.64388585
Latency: 10 BW: 40 Result: 1459.55204105
Latency: 1 BW: 100 Result: 1451.29141593
Latency: 10 BW: 100 Result: 1460.38258696




================== Started exp at:2015-07-21 00:29:14.596131 ==================
Argument ['ec2_run_app_once.py', '--task', 'memcached', '--vary-latency']
Latency: 5 BW: 100 Result: 701.022432089:529.2
Latency: 5 BW: 40 Result: 706.881127119:532.782
Latency: 10 BW: 10 Result: 849.952412128:654.636
Latency: 1 BW: 40 Result: 650.141204119:490.928
Latency: 5 BW: 10 Result: 781.288211823:594.376
Latency: 0 BW: 0 Result: 647.077390194:481.258
Latency: 1 BW: 10 Result: 716.435498953:546.264
Latency: 10 BW: 40 Result: 785.179463148:592.848
Latency: 1 BW: 100 Result: 654.443931818:491.612
Latency: 10 BW: 100 Result: 832.254685163:600.842




================== Started exp at:2015-07-21 06:15:23.046401 ==================
Argument ['ec2_run_app_once.py', '--task', 'wordcount', '--vary-latency']
Latency: 5 BW: 100 Result: 369.907783031
Latency: 5 BW: 40 Result: 358.893008947
Latency: 10 BW: 10 Result: 523.419457912
Latency: 1 BW: 40 Result: 332.676401854
Latency: 5 BW: 10 Result: 472.28501296
Latency: 0 BW: 0 Result: 346.597427845
Latency: 1 BW: 10 Result: 401.401756048
Latency: 10 BW: 40 Result: 426.33838892
Latency: 1 BW: 100 Result: 324.24563694
Latency: 10 BW: 100 Result: 437.62163496




================== Started exp at:2015-07-21 09:00:23.367082 ==================
Argument ['ec2_run_app_once.py', '--task', 'wordcount', '--vary-latency']
Latency: 5 BW: 100 Result: 353.543260098
Latency: 5 BW: 40 Result: 359.13125515
Latency: 10 BW: 10 Result: 480.841200829
Latency: 1 BW: 40 Result: 322.619833946
Latency: 5 BW: 10 Result: 462.792696953
Latency: 0 BW: 0 Result: 300.631011009
Latency: 1 BW: 10 Result: 394.247855902
Latency: 10 BW: 40 Result: 410.516214848
Latency: 1 BW: 100 Result: 318.244909048
Latency: 10 BW: 100 Result: 429.127275944




================== Started exp at:2015-07-21 17:05:48.331419 ==================
Argument ['ec2_run_app_once.py', '--task', 'terasort', '--vary-latency']
Latency: 5 BW: 100 Result: 2895.29307103
Latency: 5 BW: 40 Result: 2841.42607689
Latency: 10 BW: 10 Result: 3096.81560493
Latency: 1 BW: 40 Result: 2209.81731415
Latency: 5 BW: 10 Result: 3040.02729201
Latency: 0 BW: 0 Result: 3035.52935386
Latency: 1 BW: 10 Result: 2965.23995399
Latency: 10 BW: 40 Result: 2842.08843184
Latency: 1 BW: 100 Result: 2290.31209302
Latency: 10 BW: 100 Result: 3037.66513205




================== Started exp at:2015-07-22 02:55:58.130161 ==================
Argument ['ec2_run_app_once.py', '--task', 'terasort', '--vary-latency']
Latency: 5 BW: 100 Result: 1592.58068109
Latency: 5 BW: 40 Result: 1749.8269701
Latency: 10 BW: 10 Result: 1952.02037001
Latency: 1 BW: 40 Result: 1773.19706917
Latency: 5 BW: 10 Result: 1893.92736506
Latency: 0 BW: 0 Result: 1967.30746889
Latency: 1 BW: 10 Result: 1863.40955305
Latency: 10 BW: 40 Result: 1831.96796298
Latency: 1 BW: 100 Result: 1802.09045005
Latency: 10 BW: 100 Result: 1843.98201799




================== Started exp at:2015-07-22 09:52:35.225278 ==================
Argument ['ec2_run_app_once.py', '--task', 'wordcount', '--vary-latency']
Latency: 5 BW: 100 Result: 1800.04594398
Latency: 5 BW: 40 Result: 1898.37467194
Latency: 10 BW: 10 Result: 2619.09610891
Latency: 1 BW: 40 Result: 1586.91691804
Latency: 5 BW: 10 Result: 2209.39433002
Latency: 0 BW: 0 Result: 1543.37357903
Latency: 1 BW: 10 Result: 2075.32205915
Latency: 10 BW: 40 Result: 2136.90046811
Latency: 1 BW: 100 Result: 1601.558496
Latency: 10 BW: 100 Result: 2130.99592996




================== Started exp at:2015-07-26 08:09:04.117001 ==================
Argument ['execute.py', '--task', 'memcached-vary-size']




================== Started exp at:2015-07-26 08:13:44.589616 ==================
Argument ['execute.py', '--task', 'memcached-vary-size']
Conf: (False, -1, -1, 2, 0.90000000000000002) Result: 25.6935720444:215.596




================== Started exp at:2015-07-26 11:14:20.301755 ==================
Argument ['execute.py', '--task', 'memcached-vary-size']
Conf: (False, -1, -1, 12, 0.90000000000000002) Result: 81.3930459023:190.982
Conf: (False, -1, -1, 10, 0.80000000000000004) Result: 70.9170570374:192.56
Conf: (False, -1, -1, 2, 0.69999999999999996) Result: 25.6417758465:199.532
Conf: (False, -1, -1, 10, 0.90000000000000002) Result: 70.7060210705:192.044
Conf: (False, -1, -1, 6, 0.80000000000000004) Result: 45.6899039745:194.798
Conf: (False, -1, -1, 8, 0.80000000000000004) Result: 60.6861760616:194.266
Conf: (False, -1, -1, 12, 0.69999999999999996) Result: 81.1130039692:191.094
Conf: (False, -1, -1, 8, 0.90000000000000002) Result: 60.8337421417:194.02
Conf: (False, -1, -1, 4, 0.80000000000000004) Result: 40.6083648205:193.248
Conf: (False, -1, -1, 6, 0.90000000000000002) Result: 45.8187561035:195.794
Conf: (False, -1, -1, 14, 0.69999999999999996) Result: 95.8856649399:198.262
Conf: (False, -1, -1, 6, 0.69999999999999996) Result: 45.5823550224:191.052
Conf: (False, -1, -1, 4, 0.69999999999999996) Result: 35.6260221004:193.172
Conf: (False, -1, -1, 12, 0.80000000000000004) Result: 85.7339580059:192.952
Conf: (False, -1, -1, 8, 0.69999999999999996) Result: 60.6002891064:193.75
Conf: (False, -1, -1, 4, 0.90000000000000002) Result: 35.9721078873:201.28
Conf: (False, -1, -1, 14, 0.80000000000000004) Result: 95.9921748638:193.524
Conf: (False, -1, -1, 14, 0.90000000000000002) Result: 91.2601139545:192.208
Conf: (False, -1, -1, 2, 0.80000000000000004) Result: 25.5825560093:198.38
Conf: (False, -1, -1, 10, 0.69999999999999996) Result: 70.6415309906:192.474
Conf: (False, -1, -1, 2, 0.90000000000000002) Result: 25.5829019547:218.156




================== Started exp at:2015-07-27 01:16:08.673741 ==================
Argument ['execute.py', '--task', 'memcached-vary-size']
Conf: (False, -1, -1, 12, 0.90000000000000002) Result: 185.985827923:191.778
Conf: (False, -1, -1, 27, 0.90000000000000002) Result: 417.77939105:193.97
Conf: (False, -1, -1, 15, 0.90000000000000002) Result: 230.898738146:191.236
Conf: (False, -1, -1, 3, 0.90000000000000002) Result: 55.7262191772:197.444
Conf: (False, -1, -1, 18, 0.90000000000000002) Result: 282.664128065:192.2
Conf: (False, -1, -1, 6, 0.90000000000000002) Result: 100.744691133:194.916
Conf: (False, -1, -1, 21, 0.90000000000000002) Result: 317.830106974:191.258
Conf: (False, -1, -1, 9, 0.90000000000000002) Result: 145.843978882:191.774
Conf: (False, -1, -1, 24, 0.90000000000000002) Result: 373.094974041:193.614




================== Started exp at:2015-07-27 08:48:13.179105 ==================
Argument ['execute.py', '--task', 'memcached-vary-size']
Conf: (False, -1, -1, 9, 0.69999999999999996) Result: 140.728332996:190.612
Conf: (False, -1, -1, 24, 0.69999999999999996) Result: 358.114943981:192.08
Conf: (False, -1, -1, 12, 0.69999999999999996) Result: 181.06708312:189.554
Conf: (False, -1, -1, 15, 0.69999999999999996) Result: 226.847115993:190.364
Conf: (False, -1, -1, 3, 0.69999999999999996) Result: 55.6022539139:191.294
Conf: (False, -1, -1, 18, 0.69999999999999996) Result: 272.18718195:190.76
Conf: (False, -1, -1, 6, 0.69999999999999996) Result: 95.5814099312:189.162
Conf: (False, -1, -1, 27, 0.69999999999999996) Result: 403.011842012:193.196
Conf: (False, -1, -1, 21, 0.69999999999999996) Result: 312.619948149:189.774




================== Started exp at:2015-07-27 19:50:25.212942 ==================
Argument ['execute.py', '--task', 'graphlab']
Latency: 1 BW: 10 Result: 502.319179058




================== Started exp at:2015-07-27 21:25:09.152993 ==================
Argument ['execute.py', '--task', 'graphlab', '--disk-vary-size']
Conf: (False, -1, -1, 3, 0.69999999999999996) Result: 3.05045199394
Conf: (False, -1, -1, 27, 0.69999999999999996) Result: 1.67302083969




================== Started exp at:2015-07-27 21:26:56.716804 ==================
Argument ['execute.py', '--task', 'graphlab', '--disk-vary-size']
Conf: (False, -1, -1, 3, 0.69999999999999996) Result: 0.715174913406
Conf: (False, -1, -1, 27, 0.69999999999999996) Result: 1.80514097214




================== Started exp at:2015-07-27 21:45:58.990556 ==================
Argument ['execute.py', '--task', 'graphlab', '--disk-vary-size']
Conf: (False, -1, -1, 3, 0.69999999999999996) Result: 2.08798098564
Conf: (False, -1, -1, 27, 0.69999999999999996) Result: 1.59501719475




================== Started exp at:2015-07-27 22:11:07.266251 ==================
Argument ['execute.py', '--task', 'graphlab', '--disk-vary-size']
Conf: (False, -1, -1, 3, 0.69999999999999996) Result: 0.0258510112762
Conf: (False, -1, -1, 27, 0.69999999999999996) Result: 0.211191892624




================== Started exp at:2015-07-27 22:32:28.047927 ==================
Argument ['execute.py', '--task', 'graphlab', '--disk-vary-size']
Conf: (False, -1, -1, 3, 0.69999999999999996) Result: 3.02718997002
Conf: (False, -1, -1, 15, 0.69999999999999996) Result: 2.07102704048




================== Started exp at:2015-07-27 23:17:11.698843 ==================
Argument ['execute.py', '--task', 'graphlab', '--disk-vary-size']
Conf: (False, -1, -1, 3, 0.69999999999999996) Result: 314.009409189
Conf: (False, -1, -1, 15, 0.69999999999999996) Result: 848.253032923




================== Started exp at:2015-07-27 23:54:32.153064 ==================
Argument ['execute.py', '--task', 'graphlab', '--disk-vary-size']
Conf: (False, -1, -1, 12, 0.69999999999999996) Result: 665.601192951




================== Started exp at:2015-07-28 00:21:14.961157 ==================
Argument ['execute.py', '--task', 'graphlab', '-b', '-1']
Latency: 1 BW: -1 Result: 1264.34908795




================== Started exp at:2015-07-28 02:36:21.828404 ==================
Argument ['execute.py', '--task', 'graphlab', '--disk-vary-size']
Conf: (False, -1, -1, 2, 0.69999999999999996) Result: 208.552166939
Conf: (False, -1, -1, 12, 0.69999999999999996) Result: 1283.4774251
Conf: (False, -1, -1, 4, 0.69999999999999996) Result: 404.385023117
Conf: (False, -1, -1, 8, 0.69999999999999996) Result: 806.52166605
Conf: (False, -1, -1, 6, 0.69999999999999996) Result: 620.113460064
Conf: (False, -1, -1, 10, 0.69999999999999996) Result: 1048.82578993




================== Started exp at:2015-07-28 20:49:26.729683 ==================
Argument ['execute.py', '--task', 'graphlab', '--disk-vary-size']
Conf: (False, -1, -1, 12, 0.69999999999999996) Result: 1326.50026798




================== Started exp at:2015-07-28 21:58:48.018025 ==================
Argument ['execute.py', '--task', 'wordcount', '--disk-vary-size']
Conf: (False, -1, -1, 62.5, 0.69999999999999996) Result: 0.0436060428619
Conf: (False, -1, -1, 25, 0.69999999999999996) Result: 0.0438079833984
Conf: (False, -1, -1, 50, 0.69999999999999996) Result: 0.0438120365143
Conf: (False, -1, -1, 37.5, 0.69999999999999996) Result: 0.0440580844879
Conf: (False, -1, -1, 12.5, 0.69999999999999996) Result: 4.50674009323




================== Started exp at:2015-07-28 22:01:12.027388 ==================
Argument ['execute.py', '--task', 'wordcount', '--disk-vary-size']
Conf: (False, -1, -1, 62.5, 0.69999999999999996) Result: 0.0461659431458
Conf: (False, -1, -1, 25, 0.69999999999999996) Result: 0.0445320606232
Conf: (False, -1, -1, 50, 0.69999999999999996) Result: 0.0422630310059
Conf: (False, -1, -1, 37.5, 0.69999999999999996) Result: 0.0442788600922
Conf: (False, -1, -1, 12.5, 0.69999999999999996) Result: 0.0449960231781




================== Started exp at:2015-07-28 22:04:31.448184 ==================
Argument ['execute.py', '--task', 'wordcount', '--disk-vary-size']
Conf: (False, -1, -1, 62.5, 0.69999999999999996) Result: 0.0448641777039
Conf: (False, -1, -1, 25, 0.69999999999999996) Result: 0.0439469814301
Conf: (False, -1, -1, 50, 0.69999999999999996) Result: 0.0443398952484
Conf: (False, -1, -1, 37.5, 0.69999999999999996) Result: 0.0444669723511
Conf: (False, -1, -1, 12.5, 0.69999999999999996) Result: 0.0445840358734




================== Started exp at:2015-07-28 23:44:53.168341 ==================
Argument ['execute.py', '--task', 'wordcount', '--disk-vary-size']
Conf: (False, -1, -1, 62.5, 0.69999999999999996) Result: 231.284345865
Conf: (False, -1, -1, 25, 0.69999999999999996) Result: 108.753000975
Conf: (False, -1, -1, 50, 0.69999999999999996) Result: 215.326205015
Conf: (False, -1, -1, 37.5, 0.69999999999999996) Result: 164.188627005
Conf: (False, -1, -1, 12.5, 0.69999999999999996) Result: 94.1355249882




================== Started exp at:2015-07-29 09:05:00.892243 ==================
Argument ['execute.py', '--task', 'wordcount', '--disk-vary-size']
Conf: (False, -1, -1, 30, 0.69999999999999996) Result: 125.869814873
Conf: (False, -1, -1, 20, 0.69999999999999996) Result: 215.879836082
Conf: (False, -1, -1, 45, 0.69999999999999996) Result: 145.699233055
Conf: (False, -1, -1, 15, 0.69999999999999996) Result: 80.4290089607
Conf: (False, -1, -1, 5, 0.69999999999999996) Result: 20.4155960083
Conf: (False, -1, -1, 35, 0.69999999999999996) Result: 170.623596907
Conf: (False, -1, -1, 25, 0.69999999999999996) Result: 106.967241049
Conf: (False, -1, -1, 50, 0.69999999999999996) Result: 154.635764837
Conf: (False, -1, -1, 40, 0.69999999999999996) Result: 144.77327323
Conf: (False, -1, -1, 10, 0.69999999999999996) Result: 66.1063969135




================== Started exp at:2015-07-29 21:23:01.932921 ==================
Argument ['execute.py', '--task', 'wordcount', '--disk-vary-size']
Conf: (False, -1, -1, 35, 0.69999999999999996) Result: 133.778587818
Conf: (False, -1, -1, 20, 0.69999999999999996) Result: 72.4060931206




================== Started exp at:2015-07-29 21:26:53.904642 ==================
Argument ['execute.py', '--task', 'wordcount', '--disk-vary-size']
Conf: (False, -1, -1, 5, 0.69999999999999996) Result: 25.1229941845




================== Started exp at:2015-07-29 21:28:52.987530 ==================
Argument ['execute.py', '--task', 'wordcount', '--disk-vary-size']
Conf: (False, -1, -1, 5, 0.69999999999999996) Result: 22.4681529999




================== Started exp at:2015-07-29 21:33:05.234475 ==================
Argument ['execute.py', '--task', 'wordcount', '--disk-vary-size']
Conf: (False, -1, -1, 10, 0.69999999999999996) Result: 92.2675511837




================== Started exp at:2015-07-29 21:55:16.584820 ==================
Argument ['execute.py', '--task', 'wordcount', '--disk-vary-size']
Conf: (False, -1, -1, 10, 0.69999999999999996) Result: 366.77538681




================== Started exp at:2015-07-30 00:44:30.000950 ==================
Argument ['execute.py', '--task', 'wordcount', '--disk-vary-size']
Conf: (False, -1, -1, 9, 0.69999999999999996) Result: 283.723423958
Conf: (True, 1, 40, 8, 0.69999999999999996) Result: 42.2386908531
Conf: (False, -1, -1, 13, 0.69999999999999996) Result: 619.689986229
Conf: (True, 1, 40, 7, 0.69999999999999996) Result: 37.8391849995
Conf: (False, -1, -1, 11, 0.69999999999999996) Result: 322.648437023
Conf: (True, 1, 40, 6, 0.69999999999999996) Result: 28.3717148304
Conf: (True, 1, 40, 11, 0.69999999999999996) Result: 61.4847791195
Conf: (True, 1, 40, 5, 0.69999999999999996) Result: 25.4840068817
Conf: (False, -1, -1, 5, 0.69999999999999996) Result: 26.2026970387
Conf: (False, -1, -1, 14, 0.69999999999999996) Result: 758.281624794
Conf: (True, 1, 40, 9, 0.69999999999999996) Result: 46.7873570919
Conf: (True, 1, 40, 14, 0.69999999999999996) Result: 78.4541020393
Conf: (True, 1, 40, 12, 0.69999999999999996) Result: 64.5717270374
Conf: (False, -1, -1, 7, 0.69999999999999996) Result: 31.6805410385
Conf: (False, -1, -1, 8, 0.69999999999999996) Result: 459.440849066
Conf: (False, -1, -1, 6, 0.69999999999999996) Result: 41.9212038517
Conf: (False, -1, -1, 10, 0.69999999999999996) Result: 858.406507015
Conf: (False, -1, -1, 12, 0.69999999999999996) Result: 505.261991024
Conf: (True, 1, 40, 10, 0.69999999999999996) Result: 51.441808939
Conf: (True, 1, 40, 13, 0.69999999999999996) Result: 70.8086149693




================== Started exp at:2015-07-30 00:57:35.212948 ==================
Argument ['execute.py', '--task', 'wordcount', '--disk-vary-size', '-i', '3']
Conf: (False, -1, -1, 6, 0.69999999999999996) Result: 30.7521958351




================== Started exp at:2015-08-06 01:55:55.977887 ==================
Argument ['execute.py', '--task', 'graphlab', '--vary-remote-mem']
Latency: 1 BW: 40 Result: 2119.67133403
Latency: 1 BW: 40 Result: 1669.60797691
Latency: 1 BW: 40 Result: 1701.75975394
Latency: 1 BW: 40 Result: 1442.48586297
Latency: 1 BW: 40 Result: 1529.054106
Latency: 1 BW: 40 Result: 1522.23483205
Latency: 1 BW: 40 Result: 1455.55025506
Latency: 1 BW: 40 Result: 1616.89558601
Latency: 1 BW: 40 Result: 1539.45649385




================== Started exp at:2015-08-06 02:37:02.419578 ==================
Argument ['execute.py', '--task', 'terasort']
Latency: 1 BW: 10 RMEM: 22.09 Result: 617.467427969
================== Started exp at:2015-08-10 09:43:16.522160 ==================
Argument ['execute.py', '--task', 'terasort', '--vary-latency', '--iter', '10']
Latency: 1 BW: 100 RMEM: 22.09 Result: 1996.88759708,1717.73735213,1704.75005698,1719.6478889,1715.77209091,1714.65470409,2194.0791049,1748.83402109,1729.88757086,1727.72138715
Latency: 10 BW: 10 RMEM: 22.09 Result: 1909.82479405,1959.00047398,1909.91820383,1974.91715312,1913.89416814,1888.62918496,1949.87473917,1951.99533296,1900.86390305,1903.16293597
Latency: 5 BW: 40 RMEM: 22.09 Result: 1770.70467305,1731.72059107,1745.76756382,1830.81437612,1739.857656,1749.79504514,1776.66754818,1746.6215651,1775.82302308,1737.73281288
Latency: 10 BW: 40 RMEM: 22.09 Result: 1798.71000791,1828.83561802,1846.16396785,1815.08243394,1848.90680385,1804.74996305,1873.97998381,1858.84297609,1820.81722498,1828.87999821
Latency: 5 BW: 100 RMEM: 22.09 Result: 1717.7405901,1776.74388289,1761.74961591,1760.68226814,1713.15354705,1812.80290794,1789.79628897,1789.76529884,1786.83424497,1788.75359917
Latency: 5 BW: 10 RMEM: 22.09 Result: 1846.45768189,1925.93296194,1844.87856102,1887.87248015,1935.91399002,1852.88762021,1849.78102303,1894.45782995,2039.88560104,1843.92981219
Latency: 1 BW: 40 RMEM: 22.09 Result: 1796.15947104,1725.71437502,1736.69012403,1747.91762805,1739.78179193,1741.74371505,2151.12635303,1745.68718004,1717.66394711,1706.83957386
Latency: 0 BW: 0 RMEM: 22.09 Result: 2462.4559648,1707.6570549,1718.68220997,1721.84889603,1705.74547911,1727.69878316,1797.78105402,1711.72263503,1721.72242904,1707.79481506
Latency: 10 BW: 100 RMEM: 22.09 Result: 1777.71088219,1820.78279185,1828.74560308,2297.32096314,1767.74858308,1765.66745496,1810.84394503,1795.9290781,1820.85914993,1794.83732605
Latency: 1 BW: 10 RMEM: 22.09 Result: 1863.08534098,1861.99892402,1840.81925392,1818.94233894,1844.84654784,1823.00672507,2184.10720301,1794.74968195,1907.9262681,1848.79874516




================== Started exp at:2015-08-06 04:25:43.213905 ==================
Argument ['execute.py', '--task', 'terasort']
Latency: 1 BW: 10 RMEM: 22.09 Result: 391.742576122
================== Started exp at:2015-08-06 04:57:11.160537 ==================
Argument ['execute.py', '--task', 'graphlab']
Latency: 1 BW: 10 RMEM: 22.09 Result: 1501.08410907




================== Started exp at:2015-08-06 04:35:33.067888 ==================
Argument ['execute.py', '--task', 'terasort']
Latency: 1 BW: 10 RMEM: 22.09 Result: 369.818529844
================== Started exp at:2015-08-06 05:33:31.774841 ==================
Argument ['execute.py', '--task', 'graphlab']
Latency: 1 BW: 10 RMEM: 22.09 Result: 1487.75002909




================== Started exp at:2015-08-06 05:32:45.922649 ==================
Argument ['execute.py', '--task', 'terasort']
Latency: 1 BW: 10 RMEM: 22.09 Result: 379.1434021
================== Started exp at:2015-08-06 07:31:03.300146 ==================
Argument ['execute.py', '--task', 'graphlab']
Latency: 1 BW: 10 RMEM: 22.09 Result: 1099.75388408




================== Started exp at:2015-08-06 07:10:21.232976 ==================
Argument ['execute.py', '--task', 'terasort']
Latency: 1 BW: 10 RMEM: 22.09 Result: 368.732481956
================== Started exp at:2015-08-06 07:56:31.666636 ==================
Argument ['execute.py', '--task', 'graphlab']
Latency: 1 BW: 10 RMEM: 22.09 Result: 1098.0597589




================== Started exp at:2015-08-06 07:26:24.602453 ==================
Argument ['execute.py', '--task', 'terasort']
Latency: 1 BW: 10 RMEM: 22.09 Result: 381.948516846
================== Started exp at:2015-08-06 13:13:01.979610 ==================
Argument ['execute.py', '--task', 'graphlab', '--vary-remote-mem']
Latency: 1 BW: 40 RMEM: 8.835 Result: 1202.15521193
Latency: 1 BW: 40 RMEM: 5.89 Result: 1197.64287686
Latency: 1 BW: 40 RMEM: 26.505 Result: 1398.77389097
Latency: 1 BW: 40 RMEM: 14.725 Result: 1249.9997499
Latency: 1 BW: 40 RMEM: 2.945 Result: 1190.966892
Latency: 1 BW: 40 RMEM: 11.78 Result: 1217.32200909
Latency: 1 BW: 40 RMEM: 17.67 Result: 1220.2874949
Latency: 1 BW: 40 RMEM: 23.56 Result: 1295.91057301
Latency: 1 BW: 40 RMEM: 20.615 Result: 1296.69988203




================== Started exp at:2015-08-06 08:14:17.536765 ==================
Argument ['execute.py', '--task', 'terasort']
Latency: 1 BW: 10 RMEM: 22.09 Result: 369.33524394
================== Started exp at:2015-08-06 18:22:47.224119 ==================
Argument ['execute.py', '--task', 'graphlab']
Latency: 1 BW: 10 RMEM: 22.09 Result: 1537.09453702




================== Started exp at:2015-08-06 08:24:20.547507 ==================
Argument ['execute.py', '--task', 'terasort', '-t']
Latency: 1 BW: 10 RMEM: 22.09 Result: 372.901629925
================== Started exp at:2015-08-06 18:47:53.949717 ==================
Argument ['execute.py', '--task', 'graphlab']
Latency: 1 BW: 10 RMEM: 22.09 Result: 1268.69612694




================== Started exp at:2015-08-06 18:15:07.404966 ==================
Argument ['execute.py', '--task', 'terasort', '-t']
Latency: 1 BW: 10 RMEM: 22.09 Result: 536.358929157
================== Started exp at:2015-08-07 02:15:11.265487 ==================
Argument ['execute.py', '--task', 'graphlab', '--vary-remote-mem']
Latency: 1 BW: 40 RMEM: 8.835 Result: 2091.40590882
Latency: 1 BW: 40 RMEM: 5.89 Result: 2103.51257586
Latency: 1 BW: 40 RMEM: 26.505 Result: 3422.67558885
Latency: 1 BW: 40 RMEM: 14.725 Result: 2186.3549192
Latency: 1 BW: 40 RMEM: 2.945 Result: 2084.09592915
Latency: 1 BW: 40 RMEM: 11.78 Result: 2284.0722239
Latency: 1 BW: 40 RMEM: 17.67 Result: 2264.4126358
Latency: 1 BW: 40 RMEM: 23.56 Result: 2895.15664697
Latency: 1 BW: 40 RMEM: 20.615 Result: 2476.45646691




================== Started exp at:2015-08-06 18:22:43.690443 ==================
Argument ['execute.py', '--task', 'terasort', '-t']
Latency: 1 BW: 10 RMEM: 22.09 Result: 249.250092983
================== Started exp at:2015-08-07 18:43:32.472256 ==================
Argument ['execute.py', '--task', 'terasort', '--vary-remote-mem']
Latency: 1 BW: 40 RMEM: 8.835 Result: 2418.34634709
Latency: 1 BW: 40 RMEM: 5.89 Result: 2792.5319612
Latency: 1 BW: 40 RMEM: 26.505 Result: 5476.55339384
Latency: 1 BW: 40 RMEM: 14.725 Result: 2362.40254593
Latency: 1 BW: 40 RMEM: 2.945 Result: 2573.20538783
Latency: 1 BW: 40 RMEM: 11.78 Result: 2181.86678481
Latency: 1 BW: 40 RMEM: 17.67 Result: 2926.30753994
Latency: 1 BW: 40 RMEM: 23.56 Result: 4486.52232099
Latency: 1 BW: 40 RMEM: 20.615 Result: 3074.65307808




================== Started exp at:2015-08-06 19:06:51.490617 ==================
Argument ['execute.py', '--task', 'terasort', '-t']
Latency: 1 BW: 10 RMEM: 22.09 Result: 2505.70742512




================== Started exp at:2015-08-06 19:54:40.666496 ==================
Argument ['execute.py', '--task', 'memcached', '-t']
Latency: 1 BW: 10 RMEM: 22.09 Result: 823.993263006:475.526




================== Started exp at:2015-08-06 20:29:07.469179 ==================
Argument ['execute.py', '--task', 'graphlab', '-t']
Latency: 1 BW: 10 RMEM: 22.09 Result: 0.465382099152




================== Started exp at:2015-08-06 21:13:59.557519 ==================
Argument ['execute.py', '--task', 'graphlab', '-t']
Latency: 1 BW: 10 RMEM: 22.09 Result: 2509.48586202




================== Started exp at:2015-08-06 22:30:57.718110 ==================
Argument ['execute.py', '--task', 'wordcount', '-t']
Latency: 1 BW: 10 RMEM: 22.09 Result: 1879.95653009




================== Started exp at:2015-08-06 23:06:37.454152 ==================
Argument ['execute.py', '--task', 'memcached', '-t']
Latency: 1 BW: 10 RMEM: 22.09 Result: 833.813477039:483.702




================== Started exp at:2015-08-07 00:13:23.162804 ==================
Argument ['execute.py', '--task', 'wordcount', '-t']
Latency: 1 BW: 10 RMEM: 22.09 Result: 1913.13110113




================== Started exp at:2015-08-07 01:39:43.396715 ==================
Argument ['execute.py', '--task', 'graphlab', '-t']
Latency: 1 BW: 10 RMEM: 22.09 Result: 2403.35292888




================== Started exp at:2015-08-07 04:35:22.586453 ==================
Argument ['execute.py', '--task', 'memcached', '-t']
Latency: 1 BW: 10 RMEM: 22.09 Result: 874.500133038:492.988




================== Started exp at:2015-08-07 08:19:05.970977 ==================
Argument ['execute.py', '--task', 'terasort', '-t']
Latency: 1 BW: 10 RMEM: 22.09 Result: 2254.77424812




================== Started exp at:2015-08-07 10:22:35.860700 ==================
Argument ['execute.py', '--task', 'wordcount-hadoop', '-t']
Latency: 1 BW: 10 RMEM: 22.09 Result: 1522.94223213




================== Started exp at:2015-08-07 10:26:00.286219 ==================
Argument ['execute.py', '--task', 'wordcount-hadoop', '-t']
Latency: 1 BW: 10 RMEM: 22.09 Result: 25.7122969627




================== Started exp at:2015-08-07 11:24:43.039049 ==================
Argument ['execute.py', '--task', 'wordcount-hadoop', '-t']
Latency: 1 BW: 10 RMEM: 22.09 Result: 3313.90412188




================== Started exp at:2015-08-07 21:53:48.732251 ==================
Argument ['execute.py', '--task', 'memcached', '-t']
Latency: 1 BW: 10 RMEM: 22.09 Result: 833.894479036:487.034




================== Started exp at:2015-08-08 02:32:04.799848 ==================
Argument ['execute.py', '--task', 'memcached', '-t']
Latency: 1 BW: 10 RMEM: 22.09 Result: 839.841228962:483.786




================== Started exp at:2015-08-08 03:08:12.848227 ==================
Argument ['execute.py', '--task', 'memcached', '-t']
Latency: 1 BW: 10 RMEM: 22.09 Result: 849.500427961:490.76




================== Started exp at:2015-08-08 03:43:27.707387 ==================
Argument ['execute.py', '--task', 'memcached', '-t']
Latency: 1 BW: 10 RMEM: 22.09 Result: 844.501424074:490.358




================== Started exp at:2015-08-08 04:50:36.373273 ==================
Argument ['execute.py', '--task', 'graphlab', '-t']
Latency: 1 BW: 10 RMEM: 22.09 Result: 2460.314219




================== Started exp at:2015-08-08 05:33:33.581441 ==================
Argument ['execute.py', '--task', 'wordcount', '-t']
Latency: 1 BW: 10 RMEM: 22.09 Result: 1892.49508595




================== Started exp at:2015-08-11 01:06:25.453234 ==================
Argument ['execute.py', '--task', 'terasort', '-t']
Latency: 1 BW: 10 RMEM: 22.09 Result: 2199.83659291




================== Started exp at:2015-08-10 23:02:57.887324 ==================
Argument ['execute.py', '--task', 'graphlab', '--vary-latency', '--iter', '10']
Latency: 1 BW: 100 RMEM: 22.09 Result: 2303.02900696,2284.68100619,2318.06077814,2339.32927012,2371.090065,2234.01861215,2198.05593109,2331.06982493,2351.00229812,2314.62422299
Latency: 10 BW: 10 RMEM: 22.09 Result: 2501.43097901,2631.62551093,2507.52497101,2622.16060805,2435.04244995,2479.58187294,2449.75596905,2645.65060806,2547.84484601,2443.48755097
Latency: 5 BW: 40 RMEM: 22.09 Result: 2393.95039296,2381.35945702,2374.31200886,2428.08276582,2265.558424,2395.51611304,2265.43544698,2368.52569818,2372.55004978,2380.72121
Latency: 10 BW: 40 RMEM: 22.09 Result: 2427.78449583,2438.89963198,2400.24827099,2483.26538706,2335.66965795,2341.78516603,2342.43847203,2444.7528379,2413.09067297,2356.19619584
Latency: 5 BW: 100 RMEM: 22.09 Result: 2333.59062004,2388.03117299,2402.21757984,2433.71182609,2275.17680001,2290.80467892,2241.902318,2355.41909409,2353.72018719,2373.73811412
Latency: 5 BW: 10 RMEM: 22.09 Result: 2448.1635139,2456.06476903,2453.63716888,2544.15957713,2397.13749909,2850.83267808,2382.48261619,2460.83282495,2466.02190685,2506.81523299
Latency: 1 BW: 40 RMEM: 22.09 Result: 2334.01140404,2268.71974182,2358.96642399,2367.28536892,2367.16391802,2168.95250988,2216.70767808,2345.13234806,2346.64270806,2331.44336414
Latency: 0 BW: 0 RMEM: 22.09 Result: 2276.07445908,2228.95552087,2314.92777205,2350.37122607,2379.97146511,2199.88685107,2191.828197,2253.69685817,2314.43491578,2316.3313241
Latency: 10 BW: 100 RMEM: 22.09 Result: 2416.07203603,2474.78062892,2427.69328022,2492.81861997,2434.7611618,2408.249933,2316.0971539,2441.949646,2454.10155988,2339.72024202
Latency: 1 BW: 10 RMEM: 22.09 Result: 2396.36017299,2399.27219701,2440.85237718,2501.36106205,2305.53371692,2320.22943807,2365.9066329,2462.17564106,2437.73292804,2440.32287002




================== Started exp at:2015-08-11 22:18:46.497968 ==================
Argument ['execute.py', '--task', 'wordcount-hadoop', '-t']
Latency: 1 BW: 10 RMEM: 22.09 Result: 2835.99882507




================== Started exp at:2015-08-11 23:21:04.520514 ==================
Argument ['execute.py', '--task', 'wordcount-hadoop', '-t']
Latency: 1 BW: 10 RMEM: 22.09 Result: 2833.42667198




================== Started exp at:2015-08-12 00:27:14.720590 ==================
Argument ['execute.py', '--task', 'wordcount-hadoop', '-t']
Latency: 1 BW: 10 RMEM: 22.09 Result: 2832.41512394




================== Started exp at:2015-08-12 00:57:20.620124 ==================
Argument ['execute.py', '--task', 'wordcount', '-t']
Latency: 1 BW: 10 RMEM: 22.09 Result: 1559.58862686




================== Started exp at:2015-08-12 01:46:35.892529 ==================
Argument ['execute.py', '--task', 'memcached', '-t']
Latency: 1 BW: 10 RMEM: 22.09 Result: 830.979890823:488.982




================== Started exp at:2015-08-12 03:43:30.926189 ==================
Argument ['execute.py', '--task', 'graphlab', '-t']
Latency: 1 BW: 10 RMEM: 22.09 Result: 2587.21184683




================== Started exp at:2015-08-12 05:45:25.894379 ==================
Argument ['execute.py', '--task', 'terasort', '-t']
Latency: 1 BW: 10 RMEM: 22.09 Result: 705.411320925




================== Started exp at:2015-08-12 07:11:01.832934 ==================
Argument ['execute.py', '--task', 'terasort', '-t']
Latency: 1 BW: 10 RMEM: 22.09 Result: 3037.90499401




================== Started exp at:2015-08-25 19:16:28.788284 ==================
Argument ['execute.py', '--task', 'storm', '-t']
Latency: 1 BW: 10 RMEM: 22.09 Result: 570.160872221




================== Started exp at:2015-08-25 21:48:35.102562 ==================
Argument ['execute.py', '--task', 'storm']
Latency: 1 BW: 10 RMEM: 22.09 Result: 311.205974102

================== Started exp at:2015-08-15 01:23:37.167874 ==================
Argument ['execute.py', '--task', 'wordcount', '--vary-latency', '--iter', '10']
Latency: 1 BW: 100 RMEM: 22.09 Result: 1939.84849691,1955.05288386,1972.77829695,2069.92901802,1990.09658408,1968.7973609,1966.64373899,1983.64825201,1932.51552987,1964.56686115
Latency: 10 BW: 10 RMEM: 22.09 Result: 3164.08223987,3193.42797685,3162.60116601,3196.74643898,3184.81652403,3192.52596116,3451.28412199,3180.14833999,3291.06327915,3176.37036896
Latency: 5 BW: 40 RMEM: 22.09 Result: 2186.72631478,2187.13785601,2171.45909381,2181.36524701,2213.52223897,2064.13407397,2177.76368093,2226.94757509,2159.3511939,2187.05886793
Latency: 10 BW: 40 RMEM: 22.09 Result: 2393.64198899,2603.88502502,2598.936625,2632.32886481,2775.75096393,2625.44418907,2603.23689508,2595.76791978,2608.55437088,2588.48885393
Latency: 5 BW: 100 RMEM: 22.09 Result: 2174.92440701,2173.12085986,2191.82519698,2191.08855605,2221.55244684,2212.07079816,2179.23702002,2239.24658895,2178.0722909,2184.077595
Latency: 5 BW: 10 RMEM: 22.09 Result: 2683.58941007,2683.24713397,2678.11567903,2795.13196111,2698.03965187,2743.8863821,2575.22711706,2738.64955997,2674.77619195,2695.76858401
Latency: 1 BW: 40 RMEM: 22.09 Result: 1951.71992111,2074.70645809,1978.51379585,1947.08102703,1990.16550112,2083.44694901,1956.41240311,2123.26809311,1956.50741601,1946.41535711
Latency: 0 BW: 0 RMEM: 22.09 Result: 1879.75496292,1873.08624315,1901.13909006,1883.51990199,1917.22369885,1982.25912499,1911.33951998,1925.3154881,1807.74851894,1887.18198514
Latency: 10 BW: 100 RMEM: 22.09 Result: 2597.17139792,2597.87125301,2575.68938589,2633.41101313,2602.58175993,2615.15579796,2632.39323616,2621.62625289,2674.91038084,2636.98531699
Latency: 1 BW: 10 RMEM: 22.09 Result: 2364.39395499,2375.94588709,2383.58227801,2381.58760285,2406.00737596,2399.91129303,2385.26837993,2573.21627903,2390.95383906,2375.07716393




================== Started exp at:2015-08-28 04:35:48.418586 ==================
Argument ['execute.py', '--task', 'storm']
Latency: 1 BW: 10 RMEM: 22.09 Result: 6.71929345102




================== Started exp at:2015-08-28 17:47:43.298957 ==================
Argument ['execute.py', '--task', 'storm', '-t']
Latency: 1 BW: 10 RMEM: 22.09 Result: 8.25888461298




================== Started exp at:2015-08-28 18:20:10.529334 ==================
Argument ['execute.py', '--task', 'storm', '-t']
Latency: 1 BW: 10 RMEM: 22.09 Result: 11.3639891943




================== Started exp at:2015-08-30 06:13:54.323676 ==================
Argument ['execute.py', '--task', 'storm', '--vary-latency', '--iter', '10']
Latency: 1 BW: 100 RMEM: 22.09 Result: 5.53697390257:27480,20.862165109:9095,1.05661247312:78948,1.26353134678:65379,1.26353134678:65379,1.26353134678:65379,0.919394220553:15832,0.826807301368:37820,0.826807301368:37820,0.826807301368:37820
Latency: 10 BW: 10 RMEM: 22.09 Result: 6.61116650055:5898,1.05661247312:78948,1.26174005603:68138,1.26353134678:65379,1.26353134678:65379,1.2281237927:63464,0.826807301368:37820,0.826807301368:37820,0.826807301368:37820,0.826807301368:37820
Latency: 5 BW: 40 RMEM: 22.09 Result: 5.20766346751:20387,1.05661247312:78948,1.53194364723:70979,1.26353134678:65379,1.26353134678:65379,1.26353134678:65379,0.976866915043:33161,0.826807301368:37820,0.826807301368:37820,0.826807301368:37820
Latency: 10 BW: 40 RMEM: 22.09 Result: 7.63012415012:35292,1.05661247312:78948,1.355657037:68238,1.26353134678:65379,1.26353134678:65379,1.2281237927:63464,0.826807301368:37820,0.826807301368:37820,0.826807301368:37820,0.826807301368:37820
Latency: 5 BW: 100 RMEM: 22.09 Result: 4.97009186791:31798,1.05661247312:78948,1.05661247312:78948,1.26353134678:65379,1.26353134678:65379,1.26353134678:65379,0.919394220553:15832,0.826807301368:37820,0.826807301368:37820,0.826807301368:37820
Latency: 5 BW: 10 RMEM: 22.09 Result: 0.557821217219:19570,1.05661247312:78948,1.6049548089:69145,1.26353134678:65379,1.26353134678:65379,1.26353134678:65379,0.826807301368:37820,0.826807301368:37820,0.826807301368:37820,0.826807301368:37820
Latency: 1 BW: 40 RMEM: 22.09 Result: 4.07781104794:11194,7.9045187605:24880,1.05661247312:78948,1.26353134678:65379,1.26353134678:65379,1.26353134678:65379,0.919394220553:15832,0.826807301368:37820,0.826807301368:37820,0.826807301368:37820
Latency: 0 BW: 0 RMEM: 22.09 Result: 17.6676512301:17686,5.80387997541:27081,1.05661247312:78948,1.27788899385:64621,1.26353134678:65379,1.26353134678:65379,0.893844079798:20270,0.826807301368:37820,0.826807301368:37820,0.826807301368:37820
Latency: 10 BW: 100 RMEM: 22.09 Result: 4.38110099184:24349,1.05661247312:78948,1.6049548089:69145,1.26353134678:65379,1.26353134678:65379,1.24805348222:64140,0.826807301368:37820,0.826807301368:37820,0.826807301368:37820,0.826807301368:37820
Latency: 1 BW: 10 RMEM: 22.09 Result: 1.33909794395:36862,0.781239678002:75666,1.05661247312:78948,1.26353134678:65379,1.26353134678:65379,1.26353134678:65379,0.919394220553:15832,0.826807301368:37820,0.826807301368:37820,0.826807301368:37820




================== Started exp at:2015-09-01 07:27:59.008531 ==================
Argument ['execute.py', '--task', 'storm', '--vary-latency', '--iter', '10']
Latency: 1 BW: 100 RMEM: 22.09 Result: 4.05598780473:30560,6.57909819677:29806,3.15035448357:32523,5.70348422688:33523,2.19554204065:36113,4.87154762798:30669,7.0147332722:40382,2.69315462774:34776,3.23331110188:26992,1.71250547977:38426
Latency: 10 BW: 10 RMEM: 22.09 Result: 4.5436871893:26929,9.54494706504:29900,8.29360563457:29207,4.36577914864:34547,5.46182628032:38845,4.56845503391:31029,18.1741977059:23962,1.30579994184:56562,6.01745136522:31139,0.581679407751:69637
Latency: 5 BW: 40 RMEM: 22.09 Result: 0.842091811645:64296,1.59881681893:28933,0.730641023507:62342,1.4708617215:56510,6.57547827765:32520,2.60637224775:28690,2.40675218752:28765,2.91637776119:36421,5.90726948508:30753,1.14385975416:28681
Latency: 10 BW: 40 RMEM: 22.09 Result: 2.18480937741:33101,1.64071769452:29297,8.29360563457:29207,5.00955559718:30483,2.41733038532:28264,0.715163634329:72090,7.47017136572:34172,4.02611303454:33241,5.67872542345:27125,6.05374865841:32559
Latency: 5 BW: 100 RMEM: 22.09 Result: 5.67270007025:22050,1.18542408212:40652,4.57730884025:43198,1.4708617215:56510,1.83209295459:40018,10.953266636:35108,5.26482649064:25625,0.710242463721:65015,6.48467934318:33380,4.64336757976:34576
Latency: 5 BW: 10 RMEM: 22.09 Result: 0.842091811645:64296,2.69367923359:33248,5.41418787731:29073,0.788038026834:69263,0.307359994346:2725,2.60637224775:28690,0.797769090637:57170,3.6130830239:32149,5.075325699:33713,2.79185381283:31057
Latency: 1 BW: 40 RMEM: 22.09 Result: 6.38978180783:42962,4.09326356198:33921,3.90265888369:29205,2.52629075208:33418,3.65153156892:31407,6.24506134012:28644,0.62739017146:44885,9.59345299829:28781,2.04146089998:28555,3.23770259424:28593
Latency: 0 BW: 0 RMEM: 22.09 Result: 0.826807301368:37820,4.38031558643:33090,2.22923212216:40497,4.79317132897:24291,3.67703225835:32999,4.61314036387:28178,7.12731053139:31452,6.94193898263:34869,4.25731019809:28651,4.2717967415:32576
Latency: 10 BW: 100 RMEM: 22.09 Result: 3.9279551145:31914,0.526176315603:32731,9.48694606329:31239,0.87241267124:55504,8.523784282:28426,7.44681654762:31103,0.797769090637:57170,3.6130830239:32149,5.67872542345:27125,2.33090464055:24728
Latency: 1 BW: 10 RMEM: 22.09 Result: 5.63044965759:40784,1.18542408212:40652,3.90446030353:32300,3.91764793907:34237,3.65153156892:31407,9.52653782298:19823,0.62739017146:44885,8.49593613869:30886,3.34355560749:29561,3.35880360236:32350

================== Started exp at:2015-09-01 00:16:06.768109 ==================
Argument ['execute.py', '--task', 'wordcount']
Latency: 1 BW: 10 RMEM: 22.09 Result: 1459.60146904
================== Started exp at:2015-09-01 12:23:59.252163 ==================
Argument ['execute.py', '--task', 'memcached', '--vary-remote-mem']
Latency: 1 BW: 40 RMEM: 8.835 Result: 389.290576935:220.028
Latency: 1 BW: 40 RMEM: 5.89 Result: 364.169373035:203.51
Latency: 1 BW: 40 RMEM: 26.505 Result: 1040.4320569:606.446
Latency: 1 BW: 40 RMEM: 14.725 Result: 529.425695181:304.106
Latency: 1 BW: 40 RMEM: 2.945 Result: 338.651221991:188.838
Latency: 1 BW: 40 RMEM: 11.78 Result: 448.450422049:255.244
Latency: 1 BW: 40 RMEM: 17.67 Result: 654.032553911:371.502
Latency: 1 BW: 40 RMEM: 23.56 Result: 884.562251091:515.73
Latency: 1 BW: 40 RMEM: 20.615 Result: 778.324502945:443.61
Latency: 1 BW: 40 RMEM: 0.2945 Result: 330.788150072:188.344




================== Started exp at:2015-09-01 09:39:34.812032 ==================
Argument ['execute.py', '--task', 'wordcount', '--vary-remote-mem']
Latency: 1 BW: 40 RMEM: 8.835 Result: 411.888025045
Latency: 1 BW: 40 RMEM: 5.89 Result: 406.535794973
Latency: 1 BW: 40 RMEM: 26.505 Result: 3550.22765398
Latency: 1 BW: 40 RMEM: 0.02945 Result: 412.658975124
Latency: 1 BW: 40 RMEM: 14.725 Result: 413.43097806
Latency: 1 BW: 40 RMEM: 2.945 Result: 414.212351084
Latency: 1 BW: 40 RMEM: 11.78 Result: 412.701879025
Latency: 1 BW: 40 RMEM: 17.67 Result: 427.587652922
Latency: 1 BW: 40 RMEM: 23.56 Result: 2405.88857293
Latency: 1 BW: 40 RMEM: 20.615 Result: 1313.00249505




================== Started exp at:2015-09-01 23:49:05.416715 ==================
Argument ['execute.py', '--task', 'terasort', '--vary-remote-mem']
Latency: 1 BW: 40 RMEM: 0.02945 Result: 2562.19104409




================== Started exp at:2015-09-02 00:24:42.045714 ==================
Argument ['execute.py', '--task', 'terasort', '--vary-remote-mem']
Latency: 1 BW: 40 RMEM: 0.02945 Result: 197.51315999

================== Started exp at:2015-09-01 23:38:10.840768 ==================
Argument ['execute.py', '--task', 'graphlab', '--vary-remote-mem']
Latency: 1 BW: 40 RMEM: 0.02945 Result: 2007.57732296




================== Started exp at:2015-09-06 07:33:14.935041 ==================
Argument ['execute.py', '--task', 'wordcount', '--cdf', 'wordcount']
Latency: 1 BW: 10 RMEM: 22.09 Result: 4.01010799408




================== Started exp at:2015-09-06 08:06:55.285389 ==================
Argument ['execute.py', '--task', 'memcached', '--cdf', 'memcached']
Latency: 1 BW: 10 RMEM: 22.09 Result: 930.412620068:544.056




================== Started exp at:2015-09-07 00:18:50.643483 ==================
Argument ['execute.py', '--task', 'graphlab', '--slowdown-cdf-exp', '--iter', '10']
Conf: True 1 10 22.09  Result: 2632.70514679 2452.32781887 2597.994174 2442.74303198 2440.60024095 2578.11635303 2586.59611893 2418.82340503 2403.97522998 2608.76510501
Conf: True 1 10 22.09 graphlab Result: 2423.86505699 2443.13687778 2609.72230601 2444.94952297 2622.7692461 2505.94716096 2457.87894917 2538.33932996 2484.39676905 2437.02289796
================== Started exp at:2015-09-06 22:25:33.958682 ==================
Argument ['execute.py', '--task', 'wordcount', '--slowdown-cdf-exp', '--iter', '10']
Conf: True 1 10 22.09 wordcount Result: 2089.11404014 2086.8638711 2085.26518798 2099.2168541 2084.00877309 2089.33857703 2075.80610013 2088.65251994 2078.65532207 2109.67877007
Conf: True 1 10 22.09  Result: 1950.11454797 1946.38582802 1958.47313905 1972.47162604 1957.51658702 1960.17972207 2021.66272211 1943.035882 1964.80315685 1975.67837906
================== Started exp at:2015-09-07 22:59:10.838038 ==================
Argument ['execute.py', '--task', 'terasort', '--slowdown-cdf-exp', '--iter', '10']
Conf: True 1 40 22.09  Result: 3042.5887332 3036.75089312 3049.70881009 3031.77566981 3095.85826802 3035.70237708 3090.73358989 3142.8209269 3048.79459405 3000.68038797
Conf: True 1 40 22.09 terasort Result: 3089.66587806 3107.30351186 3028.57593703 3057.46455407 3031.77742195 2963.84115601 3053.25435996 3082.71851301 3100.77741981 3073.80893207
================== Started exp at:2015-09-08 07:36:44.117861 ==================
Argument ['execute.py', '--task', 'graphlab', '-t']
Conf: False 5 40 22.09 graphlab Result: 2578.57992601
================== Started exp at:2015-09-06 09:56:27.956928 ==================
Argument ['execute.py', '--task', 'memcached', '--slowdown-cdf-exp']
Conf: True 1 10 22.09 memcached Result: 939.967947006:547.684
Conf: True 1 10 22.09  Result: 905.54441309:529.774




================== Started exp at:2015-09-07 18:27:46.996519 ==================
Argument ['execute.py', '--task', 'graphlab', '--slowdown-cdf-exp', '--iter', '10']
Conf: True 1 40 22.09  Result: 2484.88643599 2339.31492019 2372.24523997 2312.50350499 2340.03501987 2498.79270601 2318.64030504 2373.19400501 2334.63755894 2306.38316512
Conf: True 1 40 22.09 graphlab Result: 2315.44094801 2328.52754998 2535.930825 2318.07953501 2342.21925688 2305.06002498 2415.58496881 2573.44716001 2315.51960993 2374.53378105
================== Started exp at:2015-09-07 14:31:05.597664 ==================
Argument ['execute.py', '--task', 'wordcount', '--slowdown-cdf-exp', '--iter', '10']
Conf: True 1 40 22.09 wordcount Result: 1812.64898896 1681.57354093 1683.01418304 1709.81467891 1681.49369001 1803.26691413 1678.90850711 1685.22188902 1679.74808908 1689.64238906
Conf: True 1 40 22.09  Result: 1578.05574107 1599.7996099 1595.66250896 1591.57305908 1704.13698006 1595.3950901 1590.86038494 1591.86231709 1700.79897094 1610.37222004
================== Started exp at:2015-09-08 17:02:24.928427 ==================
Argument ['execute.py', '--task', 'terasort', '--slowdown-cdf-exp', '--iter', '10']
Conf: True 5 40 22.09  Result: 3121.97295094 2997.31503201 3099.044168 3106.87617803 2984.51389694 3019.6244719 3045.15882707 2771.25243497 3099.39686608 2972.50444388
Conf: True 5 40 22.09 terasort Result: 3066.9058032 2833.82524109 3098.13575721 2733.21294594 2962.44112206 3099.27680802 2708.82581091 3038.63248396 3070.27381992 2880.27919722
================== Started exp at:2015-09-08 07:55:18.913013 ==================
Argument ['execute.py', '--task', 'wordcount', '-t']
Conf: False 5 40 22.09 wordcount Result: 4.00353693962
================== Started exp at:2015-09-06 21:12:42.602265 ==================
Argument ['execute.py', '--task', 'memcached', '--slowdown-cdf-exp', '--iter', '10']
Conf: True 1 10 22.09 memcached Result: 963.632524967:553.164 929.029053926:549.006 960.148571968:555.874 931.683642149:548.796 944.242669106:552.738 932.063598871:549.966 944.796818972:551.352 940.224621773:552.792 939.235168934:551.832 950.923270941:554.71
Conf: True 1 10 22.09  Result: 909.21406579:530.896 934.753127813:535.212 900.82522893:528.756 914.962967157:531.638 924.176351786:534.474 904.545366049:529.638 938.806463003:538.064 904.285509109:531.068 917.943148136:533.416 910.781173944:531.788




================== Started exp at:2015-09-08 13:41:47.041190 ==================
Argument ['execute.py', '--task', 'graphlab', '--slowdown-cdf-exp', '--iter', '10']
Conf: True 5 40 22.09  Result: 2339.32155013 2487.27087212 2370.28429604 2371.4455471 2442.31334114 2313.88401198 2444.3461318 2484.15054893 2319.81116104 2294.57371497
Conf: True 5 40 22.09 graphlab Result: 2377.74025607 2524.34372687 2371.31973696 2368.58588004 2552.3677001 2467.6724081 2440.00719213 2371.98347402 2347.04392195 2347.63306499
================== Started exp at:2015-09-07 21:28:24.278273 ==================
Argument ['execute.py', '--task', 'wordcount', '--slowdown-cdf-exp', '--iter', '3']
Conf: True 1 40 22.09 wordcount Result: 1545.18955612 1633.88989186 1633.71617508
Conf: True 1 40 22.09  Result: 1596.11920691 1586.37993097 1588.04695797




================== Started exp at:2015-09-09 02:10:35.894846 ==================
Argument ['execute.py', '--task', 'graphlab', '--vary-latency-40g']
Conf: True 60 40 22.09  Result: 3211.6865499
Conf: True 10 40 22.09  Result: 2440.65795994
Conf: True 5 40 22.09  Result: 2311.07193804
Conf: True 100 40 22.09  Result: 3993.61191106
Conf: True 1 40 22.09  Result: 2256.81032896
Conf: True 40 40 22.09  Result: 3069.62541604
Conf: True 20 40 22.09  Result: 2554.89904809
Conf: True 80 40 22.09  Result: 3656.66530395
================== Started exp at:2015-09-08 10:15:44.842923 ==================
Argument ['execute.py', '--task', 'wordcount', '--slowdown-cdf-exp', '--iter', '10']
Conf: True 5 40 22.09  Result: 1809.58031797 1783.00561714 1794.72697997 1793.89326692 1787.88525605 1785.82332397 1792.60363388 1773.88101411 1890.37543392 1791.42594194
Conf: True 5 40 22.09 wordcount Result: 1798.3993659 1806.26345205 1792.67713213 1793.99581313 1797.46054602 1818.98141003 1787.84067297 1805.85409784 1792.48871899 1810.68603802




================== Started exp at:2015-09-09 12:37:24.179835 ==================
Argument ['execute.py', '--task', 'graphlab', '--vary-bw-5us']
Conf: True 5 90 22.09  Result: 2333.0913291
Conf: True 5 20 22.09  Result: 2323.60475397
Conf: True 5 40 22.09  Result: 2330.66505885
Conf: True 5 60 22.09  Result: 2380.48145199
Conf: True 5 80 22.09  Result: 2377.18825388
Conf: True 5 10 22.09  Result: 2593.90359402
Conf: True 5 100 22.09  Result: 2365.933182
Conf: True 5 30 22.09  Result: 2305.08070707
Conf: True 5 50 22.09  Result: 2305.36233902
Conf: True 5 70 22.09  Result: 2438.75370502
================== Started exp at:2015-09-09 07:24:47.974274 ==================
Argument ['execute.py', '--task', 'wordcount', '--vary-latency-40g']
Conf: True 60 40 22.09  Result: 7571.9491241
Conf: True 10 40 22.09  Result: 2136.71614909
Conf: True 5 40 22.09  Result: 1785.59972882
Conf: True 100 40 22.09  Result: 11735.119313
Conf: True 1 40 22.09  Result: 1608.45991302
Conf: True 40 40 22.09  Result: 4837.15166211
Conf: True 20 40 22.09  Result: 3097.54337907
Conf: True 80 40 22.09  Result: 9508.08979797
================== Started exp at:2015-09-08 07:58:47.929629 ==================
Argument ['execute.py', '--task', 'wordcount', '-t']
Conf: False 5 40 22.09 wordcount Result: 3.31487298012


================== Started exp at:2015-09-07 09:05:51.109985 ==================
Argument ['execute.py', '--task', 'memcached', '--slowdown-cdf-exp', '--iter', '10']
Conf: True 1 40 22.09 memcached Result: 850.724375963:494.414 885.590529919:506.046 855.406712055:496.884 899.481890917:503.344 864.748466015:498.286 855.559185028:495.834 838.826001167:492.962 859.669053078:499.704 853.658176184:496.728 838.979804039:493.824
Conf: True 1 40 22.09  Result: 835.972707033:481.978 835.405139923:483.688 828.912815094:480.296 824.371772051:480.32 825.976468086:483.478 825.275712967:478.552 820.144241095:480.17 809.708896875:475.974 828.9066329:479.302 819.736871958:476.462




================== Started exp at:2015-09-08 08:40:14.818284 ==================
Argument ['execute.py', '--task', 'wordcount', '-t']
Conf: False 5 40 22.09 wordcount Result: 3.30839896202




================== Started exp at:2015-09-08 08:43:02.887138 ==================
Argument ['execute.py', '--task', 'wordcount', '-t']
Conf: False 5 40 22.09 wordcount Result: 3.37198019028




================== Started exp at:2015-09-08 08:47:00.437007 ==================
Argument ['execute.py', '--task', 'wordcount', '-t']
Conf: False 5 40 22.09 wordcount Result: 3.3465731144




================== Started exp at:2015-09-08 08:48:34.903302 ==================
Argument ['execute.py', '--task', 'wordcount', '-t']
Conf: False 5 40 22.09 wordcount Result: 3.43439912796




================== Started exp at:2015-09-08 08:52:37.106736 ==================
Argument ['execute.py', '--task', 'wordcount', '-t']
Conf: False 5 40 22.09 wordcount Result: 3.30919313431




================== Started exp at:2015-09-08 08:54:41.814304 ==================
Argument ['execute.py', '--task', 'wordcount', '-t']
Conf: False 5 40 22.09 wordcount Result: 3.28834700584




================== Started exp at:2015-09-08 09:42:10.078470 ==================
Argument ['execute.py', '--task', 'graphlab', '-t']
Conf: False 5 40 22.09 graphlab Result: 2612.75160789




================== Started exp at:2015-09-08 21:08:31.149216 ==================
Argument ['execute.py', '--task', 'terasort', '-t']
Conf: False 5 40 22.09 terasort Result: 3612.94009185




================== Started exp at:2015-09-08 22:16:57.867157 ==================
Argument ['execute.py', '--task', 'wordcount', '-t']
Conf: False 5 40 22.09 wordcount Result: 3.37772679329




================== Started exp at:2015-09-08 23:04:32.824316 ==================
Argument ['execute.py', '--task', 'wordcount', '-t']
Conf: False 5 40 22.09 wordcount Result: 1837.14998698




================== Started exp at:2015-09-09 01:44:29.760271 ==================
Argument ['execute.py', '--task', 'terasort', '-t']
Conf: False 5 40 22.09 terasort Result: 2115.54278588


================== Started exp at:2015-09-08 10:54:09.312492 ==================
Argument ['execute.py', '--task', 'memcached', '--slowdown-cdf-exp', '--iter', '10']
Conf: True 5 40 22.09  Result: 895.639466047:517.222 878.583210945:519.348 894.366006851:518.946 874.698865175:513.944 874.694087029:514.972 884.648803234:514.12 879.500741005:515.468 894.451599836:519.274 875.389791012:511.804 884.606765985:518.064
Conf: True 5 40 22.09 memcached Result: 883.621672153:515.8 874.649230003:513.482 883.950471163:516.516 879.029919863:515.184 884.673546076:516.112 884.358752966:514.19 884.183083057:515.57 884.63685894:517.266 899.813485146:521.51 889.38241291:516.94



================== Started exp at:2015-09-08 17:34:51.786174 ==================
Argument ['execute.py', '--task', 'terasort', '--vary-bw-5us']
Conf: True 5 90 22.09  Result: 4394.41638494
Conf: True 5 20 22.09  Result: 4331.21219611
Conf: True 5 40 22.09  Result: 4336.2053411
Conf: True 5 60 22.09  Result: 4223.95884109
Conf: True 5 80 22.09  Result: 4400.28192711
Conf: True 5 10 22.09  Result: 5040.78035879
Conf: True 5 100 22.09  Result: 4326.11862683
Conf: True 5 30 22.09  Result: 4223.91641521
Conf: True 5 50 22.09  Result: 4202.28598595
Conf: True 5 70 22.09  Result: 4244.22363305




================== Started exp at:2015-09-09 03:25:34.906798 ==================
Argument ['execute.py', '--task', 'memcached', '-t']
Conf: False 5 40 22.09 memcached Result: 6502.01981902:738.27




================== Started exp at:2015-09-09 05:09:50.897780 ==================
Argument ['execute.py', '--task', 'memcached', '-t']
Conf: False 5 40 22.09 memcached Result: 1319.68692279:744.398




================== Started exp at:2015-09-09 12:36:51.886197 ==================
Argument ['execute.py', '--task', 'memcached', '--vary-bw-5us']
Conf: True 5 90 22.09  Result: 1204.72502804:634.076
Conf: True 5 20 22.09  Result: 1274.78568697:650.234
Conf: True 5 40 22.09  Result: 1194.32435107:631.946
Conf: True 5 60 22.09  Result: 1245.97495794:646.628
Conf: True 5 80 22.09  Result: 1264.71732616:649.954
Conf: True 5 10 22.09  Result: 1285.0806849:670.632
Conf: True 5 100 22.09  Result: 1210.97929406:631.81
Conf: True 5 30 22.09  Result: 1256.38565993:641.654
Conf: True 5 50 22.09  Result: 1225.14702702:633.9
Conf: True 5 70 22.09  Result: 1244.85940289:638.88
================== Started exp at:2015-09-09 23:48:20.155561 ==================
Argument ['execute.py', '--task', 'wordcount-hadoop']
Conf: False 5 40 22.09 wordcount-hadoop Result: 2596.9747808
================== Started exp at:2015-09-09 12:07:13.457925 ==================
Argument ['execute.py', '--task', 'wordcount', '--vary-bw-5us']
Conf: True 5 90 22.09  Result: 1812.55247283
Conf: True 5 20 22.09  Result: 1746.55019093
Conf: True 5 40 22.09  Result: 1820.55000997
Conf: True 5 60 22.09  Result: 1825.9453671
Conf: True 5 80 22.09  Result: 1811.8162961
Conf: True 5 10 22.09  Result: 2222.24071789
Conf: True 5 100 22.09  Result: 1811.22645688
Conf: True 5 30 22.09  Result: 1804.21344495
Conf: True 5 50 22.09  Result: 1814.36703992
Conf: True 5 70 22.09  Result: 1815.97541904




================== Started exp at:2015-09-10 07:25:40.597932 ==================
Argument ['execute.py', '--task', 'memcached', '-t']
Conf: False 5 40 22.09 memcached Result: 1391.06782389:793.474
================== Started exp at:2015-09-10 07:41:28.342201 ==================
Argument ['execute.py', '--task', 'graphlab', '-t']
Conf: False 5 40 22.09 graphlab Result: 2420.74630308
================== Started exp at:2015-09-10 07:36:36.495177 ==================
Argument ['execute.py', '--task', 'terasort', '-t']
Conf: False 5 40 22.09 terasort Result: 2412.37197995
================== Started exp at:2015-09-10 06:29:02.927169 ==================
Argument ['execute.py', '--task', 'wordcount', '-t']
Conf: False 5 40 22.09 wordcount Result: 1839.24465489




================== Started exp at:2015-09-10 07:06:21.853259 ==================
Argument ['execute.py', '--task', 'wordcount', '-t']
Conf: False 5 40 22.09 wordcount Result: 1834.68199301




================== Started exp at:2015-09-10 08:01:49.052280 ==================
Argument ['execute.py', '--task', 'wordcount-hadoop', '-t']
Conf: False 5 40 22.09 wordcount-hadoop Result: 2803.73646998




================== Started exp at:2015-09-10 09:38:35.660975 ==================
Argument ['execute.py', '--task', 'graphlab', '-t']
Conf: False 5 40 22.09 graphlab Result: 2613.8133049




================== Started exp at:2015-09-10 23:40:40.095566 ==================
Argument ['execute.py', '--task', 'terasort', '-t']
Conf: False 5 40 22.09 terasort Result: 2523.40045118




================== Started exp at:2015-09-11 04:32:35.122068 ==================
Argument ['execute.py', '--task', 'terasort', '-t']
Conf: False 5 40 22.09 terasort Result: 3380.23826909




================== Started exp at:2015-09-11 05:23:12.788712 ==================
Argument ['execute.py', '--task', 'wordcount', '-t']
Conf: False 5 40 22.09 wordcount Result: 3.38778614998




================== Started exp at:2015-09-11 05:28:27.389475 ==================
Argument ['execute.py', '--task', 'wordcount', '-t']
Conf: False 5 40 22.09 wordcount Result: 3.39639687538




================== Started exp at:2015-09-11 06:10:30.464568 ==================
Argument ['execute.py', '--task', 'terasort', '-t']
Conf: False 5 40 22.09 terasort Result: 2289.17053485




================== Started exp at:2015-09-11 07:08:03.702054 ==================
Argument ['execute.py', '--task', 'terasort', '-t']
Conf: False 5 40 22.09 terasort Result: 2346.3403821




================== Started exp at:2015-09-11 23:19:17.535396 ==================
Argument ['execute.py', '--task', 'graphlab', '-t']
Conf: False 5 40 22.09 graphlab Result: 2505.0031991
================== Started exp at:2015-09-11 22:39:21.769586 ==================
Argument ['execute.py', '--task', 'wordcount', '-t']
Conf: False 5 40 22.09 wordcount Result: 2103.78833604




================== Started exp at:2015-09-11 23:30:33.147923 ==================
Argument ['execute.py', '--task', 'memcached', '-t']
Conf: False 5 40 22.09 memcached Result: 1524.84322309:811.202




================== Started exp at:2015-09-12 04:47:26.124019 ==================
Argument ['execute.py', '--task', 'memcached', '--vary-e2e-latency']
Conf: False 0 0 22.09  20 Result: 1350.69876194:418.094
Conf: False 0 0 22.09  1 Result: 1366.13453984:430.67




================== Started exp at:2015-09-12 13:27:58.693212 ==================
Argument ['execute.py', '--task', 'memcached', '--vary-e2e-latency']
Conf: False 0 0 22.09  1 Result: 1361.99126005:784.534
Conf: False 0 0 22.09  10 Result: 1339.91944909:762.12
Conf: False 0 0 22.09  5 Result: 1305.61505699:724.242
Conf: False 0 0 22.09  20 Result: 1350.71124196:776.598
Conf: False 0 0 22.09  40 Result: 1471.11811209:844.804
Conf: False 0 0 22.09  30 Result: 1395.77893806:801.424
Conf: False 0 0 22.09  50 Result: 1571.26801109:911.988




================== Started exp at:2015-09-13 11:34:23.425522 ==================
Argument ['execute.py', '--task', 'memcached', '--vary-e2e-latency']
Conf: False 0 0 22.09  100 Result: 2015.44729614:1158.0
Conf: False 0 0 22.09  60 Result: 1655.73922801:961.618
Conf: False 0 0 22.09  80 Result: 1815.828439:1040.0
Conf: False 0 0 22.09  70 Result: 1726.55370498:1008.292
Conf: False 0 0 22.09  90 Result: 1899.74436402:1100.0
Conf: False 0 0 22.09  0 Result: 1338.69685292:764.82
================== Started exp at:2015-09-12 15:19:50.197796 ==================
Argument ['execute.py', '--task', 'graphlab', '--vary-e2e-latency']
Conf: False 0 0 22.09  1 Result: 2364.97361398
Conf: False 0 0 22.09  10 Result: 2851.78575397
Conf: False 0 0 22.09  5 Result: 2456.57886696
Conf: False 0 0 22.09  20 Result: 3157.34772801
Conf: False 0 0 22.09  40 Result: 4341.86688089
Conf: False 0 0 22.09  30 Result: 3739.29189897
Conf: False 0 0 22.09  50 Result: 4805.05014205




================== Started exp at:2015-09-13 16:06:41.155047 ==================
Argument ['execute.py', '--task', 'graphlab', '--vary-e2e-latency']
Conf: False 0 0 22.09  100 Result: 7726.12725091
Conf: False 0 0 22.09  60 Result: 5389.8940618
Conf: False 0 0 22.09  80 Result: 6484.14691997
Conf: False 0 0 22.09  70 Result: 6102.70685101
Conf: False 0 0 22.09  90 Result: 7166.72071099
Conf: False 0 0 22.09  0 Result: 2374.59942389




================== Started exp at:2015-09-14 09:16:34.320598 ==================
Argument ['execute.py', '--task', 'memcached', '--vary-e2e-latency']
Conf: False 0 0 22.09  100 Result: 1944.28392887:1098.0
Conf: False 0 0 22.09  1 Result: 1454.90539098:793.86
Conf: False 0 0 22.09  10 Result: 1454.01737404:799.39
Conf: False 0 0 22.09  5 Result: 1410.65473485:787.87
Conf: False 0 0 22.09  60 Result: 1631.03926897:958.88
Conf: False 0 0 22.09  80 Result: 1815.27218103:1022.366
Conf: False 0 0 22.09  20 Result: 1406.11999106:806.77
Conf: False 0 0 22.09  70 Result: 1776.28460288:1005.688
Conf: False 0 0 22.09  40 Result: 1581.96459603:893.184
Conf: False 0 0 22.09  90 Result: 1879.43527794:1063.398
Conf: False 0 0 22.09  30 Result: 1570.67982697:884.778
Conf: False 0 0 22.09  0 Result: 1431.40927219:796.822
Conf: False 0 0 22.09  50 Result: 1601.73159099:916.082
