This file contains any messages produced by compilers while
running configure, to aid debugging if configure makes a mistake.

It was created by simulator configure 1.1, which was
generated by GNU Autoconf 2.68.  Invocation command line was

  $ ./configure 

## --------- ##
## Platform. ##
## --------- ##

hostname = peter-vm
uname -m = x86_64
uname -r = 3.8.0-29-generic
uname -s = Linux
uname -v = #42~precise1-Ubuntu SMP Wed Aug 14 16:19:23 UTC 2013

/usr/bin/uname -p = unknown
/bin/uname -X     = unknown

/bin/arch              = unknown
/usr/bin/arch -k       = unknown
/usr/convex/getsysinfo = unknown
/usr/bin/hostinfo      = unknown
/bin/machine           = unknown
/usr/bin/oslevel       = unknown
/bin/universe          = unknown

PATH: /usr/lib/lightdm/lightdm
PATH: /usr/local/sbin
PATH: /usr/local/bin
PATH: /usr/sbin
PATH: /usr/bin
PATH: /sbin
PATH: /bin
PATH: /usr/games
PATH: /usr/lib/jvm/java-7-oracle/bin
PATH: /usr/lib/jvm/java-7-oracle/db/bin
PATH: /usr/lib/jvm/java-7-oracle/jre/bin
PATH: /home/peter/javacc-6.0/bin/
PATH: /home/peter/scala-2.10.4/bin


## ----------- ##
## Core tests. ##
## ----------- ##

configure:2277: checking for a BSD-compatible install
configure:2345: result: /usr/bin/install -c
configure:2356: checking whether build environment is sane
configure:2406: result: yes
configure:2547: checking for a thread-safe mkdir -p
configure:2586: result: /bin/mkdir -p
configure:2599: checking for gawk
configure:2629: result: no
configure:2599: checking for mawk
configure:2615: found /usr/bin/mawk
configure:2626: result: mawk
configure:2637: checking whether make sets $(MAKE)
configure:2659: result: yes
configure:2801: checking for g++
configure:2817: found /usr/bin/g++
configure:2828: result: g++
configure:2855: checking for C++ compiler version
configure:2864: g++ --version >&5
g++ (Ubuntu/Linaro 4.6.3-1ubuntu5) 4.6.3
Copyright (C) 2011 Free Software Foundation, Inc.
This is free software; see the source for copying conditions.  There is NO
warranty; not even for MERCHANTABILITY or FITNESS FOR A PARTICULAR PURPOSE.

configure:2875: $? = 0
configure:2864: g++ -v >&5
Using built-in specs.
COLLECT_GCC=g++
COLLECT_LTO_WRAPPER=/usr/lib/gcc/x86_64-linux-gnu/4.6/lto-wrapper
Target: x86_64-linux-gnu
Configured with: ../src/configure -v --with-pkgversion='Ubuntu/Linaro 4.6.3-1ubuntu5' --with-bugurl=file:///usr/share/doc/gcc-4.6/README.Bugs --enable-languages=c,c++,fortran,objc,obj-c++ --prefix=/usr --program-suffix=-4.6 --enable-shared --enable-linker-build-id --with-system-zlib --libexecdir=/usr/lib --without-included-gettext --enable-threads=posix --with-gxx-include-dir=/usr/include/c++/4.6 --libdir=/usr/lib --enable-nls --with-sysroot=/ --enable-clocale=gnu --enable-libstdcxx-debug --enable-libstdcxx-time=yes --enable-gnu-unique-object --enable-plugin --enable-objc-gc --disable-werror --with-arch-32=i686 --with-tune=generic --enable-checking=release --build=x86_64-linux-gnu --host=x86_64-linux-gnu --target=x86_64-linux-gnu
Thread model: posix
gcc version 4.6.3 (Ubuntu/Linaro 4.6.3-1ubuntu5) 
configure:2875: $? = 0
configure:2864: g++ -V >&5
g++: error: unrecognized option '-V'
g++: fatal error: no input files
compilation terminated.
configure:2875: $? = 4
configure:2864: g++ -qversion >&5
g++: error: unrecognized option '-qversion'
g++: fatal error: no input files
compilation terminated.
configure:2875: $? = 4
configure:2895: checking whether the C++ compiler works
configure:2917: g++    conftest.cpp  >&5
configure:2921: $? = 0
configure:2969: result: yes
configure:2972: checking for C++ compiler default output file name
configure:2974: result: a.out
configure:2980: checking for suffix of executables
configure:2987: g++ -o conftest    conftest.cpp  >&5
configure:2991: $? = 0
configure:3013: result: 
configure:3035: checking whether we are cross compiling
configure:3043: g++ -o conftest    conftest.cpp  >&5
configure:3047: $? = 0
configure:3054: ./conftest
configure:3058: $? = 0
configure:3073: result: no
configure:3078: checking for suffix of object files
configure:3100: g++ -c   conftest.cpp >&5
configure:3104: $? = 0
configure:3125: result: o
configure:3129: checking whether we are using the GNU C++ compiler
configure:3148: g++ -c   conftest.cpp >&5
configure:3148: $? = 0
configure:3157: result: yes
configure:3166: checking whether g++ accepts -g
configure:3186: g++ -c -g  conftest.cpp >&5
configure:3186: $? = 0
configure:3227: result: yes
configure:3261: checking for style of include used by make
configure:3289: result: GNU
configure:3315: checking dependency style of g++
configure:3426: result: gcc3
configure:3490: checking for gcc
configure:3506: found /usr/bin/gcc
configure:3517: result: gcc
configure:3746: checking for C compiler version
configure:3755: gcc --version >&5
gcc (Ubuntu/Linaro 4.6.3-1ubuntu5) 4.6.3
Copyright (C) 2011 Free Software Foundation, Inc.
This is free software; see the source for copying conditions.  There is NO
warranty; not even for MERCHANTABILITY or FITNESS FOR A PARTICULAR PURPOSE.

configure:3766: $? = 0
configure:3755: gcc -v >&5
Using built-in specs.
COLLECT_GCC=gcc
COLLECT_LTO_WRAPPER=/usr/lib/gcc/x86_64-linux-gnu/4.6/lto-wrapper
Target: x86_64-linux-gnu
Configured with: ../src/configure -v --with-pkgversion='Ubuntu/Linaro 4.6.3-1ubuntu5' --with-bugurl=file:///usr/share/doc/gcc-4.6/README.Bugs --enable-languages=c,c++,fortran,objc,obj-c++ --prefix=/usr --program-suffix=-4.6 --enable-shared --enable-linker-build-id --with-system-zlib --libexecdir=/usr/lib --without-included-gettext --enable-threads=posix --with-gxx-include-dir=/usr/include/c++/4.6 --libdir=/usr/lib --enable-nls --with-sysroot=/ --enable-clocale=gnu --enable-libstdcxx-debug --enable-libstdcxx-time=yes --enable-gnu-unique-object --enable-plugin --enable-objc-gc --disable-werror --with-arch-32=i686 --with-tune=generic --enable-checking=release --build=x86_64-linux-gnu --host=x86_64-linux-gnu --target=x86_64-linux-gnu
Thread model: posix
gcc version 4.6.3 (Ubuntu/Linaro 4.6.3-1ubuntu5) 
configure:3766: $? = 0
configure:3755: gcc -V >&5
gcc: error: unrecognized option '-V'
gcc: fatal error: no input files
compilation terminated.
configure:3766: $? = 4
configure:3755: gcc -qversion >&5
gcc: error: unrecognized option '-qversion'
gcc: fatal error: no input files
compilation terminated.
configure:3766: $? = 4
configure:3770: checking whether we are using the GNU C compiler
configure:3789: gcc -c -g -O3 -std=c++0x  conftest.c >&5
cc1: warning: command line option '-std=c++0x' is valid for C++/ObjC++ but not for C [enabled by default]
configure:3789: $? = 0
configure:3798: result: yes
configure:3807: checking whether gcc accepts -g
configure:3827: gcc -c -g  conftest.c >&5
configure:3827: $? = 0
configure:3868: result: yes
configure:3885: checking for gcc option to accept ISO C89
configure:3949: gcc  -c -g -O3 -std=c++0x  conftest.c >&5
cc1: warning: command line option '-std=c++0x' is valid for C++/ObjC++ but not for C [enabled by default]
configure:3949: $? = 0
configure:3962: result: none needed
configure:3984: checking dependency style of gcc
configure:4095: result: gcc3
configure:4115: checking how to run the C preprocessor
configure:4146: gcc -E  conftest.c
configure:4146: $? = 0
configure:4160: gcc -E  conftest.c
conftest.c:11:28: fatal error: ac_nonexistent.h: No such file or directory
compilation terminated.
configure:4160: $? = 1
configure: failed program was:
| /* confdefs.h */
| #define PACKAGE_NAME "simulator"
| #define PACKAGE_TARNAME "simulator"
| #define PACKAGE_VERSION "1.1"
| #define PACKAGE_STRING "simulator 1.1"
| #define PACKAGE_BUGREPORT "petergao@berkeley.edu"
| #define PACKAGE_URL ""
| #define PACKAGE "simulator"
| #define VERSION "1.1"
| /* end confdefs.h.  */
| #include <ac_nonexistent.h>
configure:4185: result: gcc -E
configure:4205: gcc -E  conftest.c
configure:4205: $? = 0
configure:4219: gcc -E  conftest.c
conftest.c:11:28: fatal error: ac_nonexistent.h: No such file or directory
compilation terminated.
configure:4219: $? = 1
configure: failed program was:
| /* confdefs.h */
| #define PACKAGE_NAME "simulator"
| #define PACKAGE_TARNAME "simulator"
| #define PACKAGE_VERSION "1.1"
| #define PACKAGE_STRING "simulator 1.1"
| #define PACKAGE_BUGREPORT "petergao@berkeley.edu"
| #define PACKAGE_URL ""
| #define PACKAGE "simulator"
| #define VERSION "1.1"
| /* end confdefs.h.  */
| #include <ac_nonexistent.h>
configure:4247: checking whether make sets $(MAKE)
configure:4269: result: yes
configure:4284: checking for grep that handles long lines and -e
configure:4342: result: /bin/grep
configure:4347: checking for egrep
configure:4409: result: /bin/grep -E
configure:4414: checking for ANSI C header files
configure:4434: gcc -c -g -O3 -std=c++0x  conftest.c >&5
cc1: warning: command line option '-std=c++0x' is valid for C++/ObjC++ but not for C [enabled by default]
configure:4434: $? = 0
configure:4507: gcc -o conftest -g -O3 -std=c++0x   conftest.c  >&5
cc1: warning: command line option '-std=c++0x' is valid for C++/ObjC++ but not for C [enabled by default]
configure:4507: $? = 0
configure:4507: ./conftest
configure:4507: $? = 0
configure:4518: result: yes
configure:4531: checking for sys/types.h
configure:4531: gcc -c -g -O3 -std=c++0x  conftest.c >&5
cc1: warning: command line option '-std=c++0x' is valid for C++/ObjC++ but not for C [enabled by default]
configure:4531: $? = 0
configure:4531: result: yes
configure:4531: checking for sys/stat.h
configure:4531: gcc -c -g -O3 -std=c++0x  conftest.c >&5
cc1: warning: command line option '-std=c++0x' is valid for C++/ObjC++ but not for C [enabled by default]
configure:4531: $? = 0
configure:4531: result: yes
configure:4531: checking for stdlib.h
configure:4531: gcc -c -g -O3 -std=c++0x  conftest.c >&5
cc1: warning: command line option '-std=c++0x' is valid for C++/ObjC++ but not for C [enabled by default]
configure:4531: $? = 0
configure:4531: result: yes
configure:4531: checking for string.h
configure:4531: gcc -c -g -O3 -std=c++0x  conftest.c >&5
cc1: warning: command line option '-std=c++0x' is valid for C++/ObjC++ but not for C [enabled by default]
configure:4531: $? = 0
configure:4531: result: yes
configure:4531: checking for memory.h
configure:4531: gcc -c -g -O3 -std=c++0x  conftest.c >&5
cc1: warning: command line option '-std=c++0x' is valid for C++/ObjC++ but not for C [enabled by default]
configure:4531: $? = 0
configure:4531: result: yes
configure:4531: checking for strings.h
configure:4531: gcc -c -g -O3 -std=c++0x  conftest.c >&5
cc1: warning: command line option '-std=c++0x' is valid for C++/ObjC++ but not for C [enabled by default]
configure:4531: $? = 0
configure:4531: result: yes
configure:4531: checking for inttypes.h
configure:4531: gcc -c -g -O3 -std=c++0x  conftest.c >&5
cc1: warning: command line option '-std=c++0x' is valid for C++/ObjC++ but not for C [enabled by default]
configure:4531: $? = 0
configure:4531: result: yes
configure:4531: checking for stdint.h
configure:4531: gcc -c -g -O3 -std=c++0x  conftest.c >&5
cc1: warning: command line option '-std=c++0x' is valid for C++/ObjC++ but not for C [enabled by default]
configure:4531: $? = 0
configure:4531: result: yes
configure:4531: checking for unistd.h
configure:4531: gcc -c -g -O3 -std=c++0x  conftest.c >&5
cc1: warning: command line option '-std=c++0x' is valid for C++/ObjC++ but not for C [enabled by default]
configure:4531: $? = 0
configure:4531: result: yes
configure:4546: checking float.h usability
configure:4546: gcc -c -g -O3 -std=c++0x  conftest.c >&5
cc1: warning: command line option '-std=c++0x' is valid for C++/ObjC++ but not for C [enabled by default]
configure:4546: $? = 0
configure:4546: result: yes
configure:4546: checking float.h presence
configure:4546: gcc -E  conftest.c
configure:4546: $? = 0
configure:4546: result: yes
configure:4546: checking for float.h
configure:4546: result: yes
configure:4546: checking for stdint.h
configure:4546: result: yes
configure:4546: checking for stdlib.h
configure:4546: result: yes
configure:4558: checking for stdbool.h that conforms to C99
configure:4625: gcc -c -g -O3 -std=c++0x  conftest.c >&5
cc1: warning: command line option '-std=c++0x' is valid for C++/ObjC++ but not for C [enabled by default]
configure:4625: $? = 0
configure:4632: result: yes
configure:4634: checking for _Bool
configure:4634: gcc -c -g -O3 -std=c++0x  conftest.c >&5
cc1: warning: command line option '-std=c++0x' is valid for C++/ObjC++ but not for C [enabled by default]
configure:4634: $? = 0
configure:4634: gcc -c -g -O3 -std=c++0x  conftest.c >&5
cc1: warning: command line option '-std=c++0x' is valid for C++/ObjC++ but not for C [enabled by default]
conftest.c: In function 'main':
conftest.c:60:20: error: expected expression before ')' token
configure:4634: $? = 1
configure: failed program was:
| /* confdefs.h */
| #define PACKAGE_NAME "simulator"
| #define PACKAGE_TARNAME "simulator"
| #define PACKAGE_VERSION "1.1"
| #define PACKAGE_STRING "simulator 1.1"
| #define PACKAGE_BUGREPORT "petergao@berkeley.edu"
| #define PACKAGE_URL ""
| #define PACKAGE "simulator"
| #define VERSION "1.1"
| #define STDC_HEADERS 1
| #define HAVE_SYS_TYPES_H 1
| #define HAVE_SYS_STAT_H 1
| #define HAVE_STDLIB_H 1
| #define HAVE_STRING_H 1
| #define HAVE_MEMORY_H 1
| #define HAVE_STRINGS_H 1
| #define HAVE_INTTYPES_H 1
| #define HAVE_STDINT_H 1
| #define HAVE_UNISTD_H 1
| #define HAVE_FLOAT_H 1
| #define HAVE_STDINT_H 1
| #define HAVE_STDLIB_H 1
| /* end confdefs.h.  */
| #include <stdio.h>
| #ifdef HAVE_SYS_TYPES_H
| # include <sys/types.h>
| #endif
| #ifdef HAVE_SYS_STAT_H
| # include <sys/stat.h>
| #endif
| #ifdef STDC_HEADERS
| # include <stdlib.h>
| # include <stddef.h>
| #else
| # ifdef HAVE_STDLIB_H
| #  include <stdlib.h>
| # endif
| #endif
| #ifdef HAVE_STRING_H
| # if !defined STDC_HEADERS && defined HAVE_MEMORY_H
| #  include <memory.h>
| # endif
| # include <string.h>
| #endif
| #ifdef HAVE_STRINGS_H
| # include <strings.h>
| #endif
| #ifdef HAVE_INTTYPES_H
| # include <inttypes.h>
| #endif
| #ifdef HAVE_STDINT_H
| # include <stdint.h>
| #endif
| #ifdef HAVE_UNISTD_H
| # include <unistd.h>
| #endif
| int
| main ()
| {
| if (sizeof ((_Bool)))
| 	    return 0;
|   ;
|   return 0;
| }
configure:4634: result: yes
configure:4650: checking for int32_t
configure:4650: gcc -c -g -O3 -std=c++0x  conftest.c >&5
cc1: warning: command line option '-std=c++0x' is valid for C++/ObjC++ but not for C [enabled by default]
configure:4650: $? = 0
configure:4650: gcc -c -g -O3 -std=c++0x  conftest.c >&5
cc1: warning: command line option '-std=c++0x' is valid for C++/ObjC++ but not for C [enabled by default]
conftest.c: In function 'main':
conftest.c:64:53: warning: integer overflow in expression [-Woverflow]
conftest.c:63:12: error: size of array 'test_array' is negative
conftest.c:63:12: error: storage size of 'test_array' isn't constant
configure:4650: $? = 1
configure: failed program was:
| /* confdefs.h */
| #define PACKAGE_NAME "simulator"
| #define PACKAGE_TARNAME "simulator"
| #define PACKAGE_VERSION "1.1"
| #define PACKAGE_STRING "simulator 1.1"
| #define PACKAGE_BUGREPORT "petergao@berkeley.edu"
| #define PACKAGE_URL ""
| #define PACKAGE "simulator"
| #define VERSION "1.1"
| #define STDC_HEADERS 1
| #define HAVE_SYS_TYPES_H 1
| #define HAVE_SYS_STAT_H 1
| #define HAVE_STDLIB_H 1
| #define HAVE_STRING_H 1
| #define HAVE_MEMORY_H 1
| #define HAVE_STRINGS_H 1
| #define HAVE_INTTYPES_H 1
| #define HAVE_STDINT_H 1
| #define HAVE_UNISTD_H 1
| #define HAVE_FLOAT_H 1
| #define HAVE_STDINT_H 1
| #define HAVE_STDLIB_H 1
| #define HAVE__BOOL 1
| #define HAVE_STDBOOL_H 1
| /* end confdefs.h.  */
| #include <stdio.h>
| #ifdef HAVE_SYS_TYPES_H
| # include <sys/types.h>
| #endif
| #ifdef HAVE_SYS_STAT_H
| # include <sys/stat.h>
| #endif
| #ifdef STDC_HEADERS
| # include <stdlib.h>
| # include <stddef.h>
| #else
| # ifdef HAVE_STDLIB_H
| #  include <stdlib.h>
| # endif
| #endif
| #ifdef HAVE_STRING_H
| # if !defined STDC_HEADERS && defined HAVE_MEMORY_H
| #  include <memory.h>
| # endif
| # include <string.h>
| #endif
| #ifdef HAVE_STRINGS_H
| # include <strings.h>
| #endif
| #ifdef HAVE_INTTYPES_H
| # include <inttypes.h>
| #endif
| #ifdef HAVE_STDINT_H
| # include <stdint.h>
| #endif
| #ifdef HAVE_UNISTD_H
| # include <unistd.h>
| #endif
| 	        enum { N = 32 / 2 - 1 };
| int
| main ()
| {
| static int test_array [1 - 2 * !((int32_t) (((((int32_t) 1 << N) << N) - 1) * 2 + 1)
| 		 < (int32_t) (((((int32_t) 1 << N) << N) - 1) * 2 + 2))];
| test_array [0] = 0
| 
|   ;
|   return 0;
| }
configure:4650: result: yes
configure:4661: checking for uint32_t
configure:4661: gcc -c -g -O3 -std=c++0x  conftest.c >&5
cc1: warning: command line option '-std=c++0x' is valid for C++/ObjC++ but not for C [enabled by default]
configure:4661: $? = 0
configure:4661: result: yes
configure:4675: checking for uint64_t
configure:4675: gcc -c -g -O3 -std=c++0x  conftest.c >&5
cc1: warning: command line option '-std=c++0x' is valid for C++/ObjC++ but not for C [enabled by default]
configure:4675: $? = 0
configure:4675: result: yes
configure:4828: creating ./config.status

## ---------------------- ##
## Running config.status. ##
## ---------------------- ##

This file was extended by simulator config.status 1.1, which was
generated by GNU Autoconf 2.68.  Invocation command line was

  CONFIG_FILES    = 
  CONFIG_HEADERS  = 
  CONFIG_LINKS    = 
  CONFIG_COMMANDS = 
  $ ./config.status 

on peter-vm

config.status:871: creating Makefile
config.status:871: creating config.h
config.status:1052: config.h is unchanged
config.status:1100: executing depfiles commands

## ---------------- ##
## Cache variables. ##
## ---------------- ##

ac_cv_c_compiler_gnu=yes
ac_cv_c_int32_t=yes
ac_cv_c_uint32_t=yes
ac_cv_c_uint64_t=yes
ac_cv_cxx_compiler_gnu=yes
ac_cv_env_CCC_set=
ac_cv_env_CCC_value=
ac_cv_env_CC_set=
ac_cv_env_CC_value=
ac_cv_env_CFLAGS_set=
ac_cv_env_CFLAGS_value=
ac_cv_env_CPPFLAGS_set=
ac_cv_env_CPPFLAGS_value=
ac_cv_env_CPP_set=
ac_cv_env_CPP_value=
ac_cv_env_CXXFLAGS_set=
ac_cv_env_CXXFLAGS_value=
ac_cv_env_CXX_set=
ac_cv_env_CXX_value=
ac_cv_env_LDFLAGS_set=
ac_cv_env_LDFLAGS_value=
ac_cv_env_LIBS_set=
ac_cv_env_LIBS_value=
ac_cv_env_build_alias_set=
ac_cv_env_build_alias_value=
ac_cv_env_host_alias_set=
ac_cv_env_host_alias_value=
ac_cv_env_target_alias_set=
ac_cv_env_target_alias_value=
ac_cv_header_float_h=yes
ac_cv_header_inttypes_h=yes
ac_cv_header_memory_h=yes
ac_cv_header_stdbool_h=yes
ac_cv_header_stdc=yes
ac_cv_header_stdint_h=yes
ac_cv_header_stdlib_h=yes
ac_cv_header_string_h=yes
ac_cv_header_strings_h=yes
ac_cv_header_sys_stat_h=yes
ac_cv_header_sys_types_h=yes
ac_cv_header_unistd_h=yes
ac_cv_objext=o
ac_cv_path_EGREP='/bin/grep -E'
ac_cv_path_GREP=/bin/grep
ac_cv_path_install='/usr/bin/install -c'
ac_cv_path_mkdir=/bin/mkdir
ac_cv_prog_AWK=mawk
ac_cv_prog_CPP='gcc -E'
ac_cv_prog_ac_ct_CC=gcc
ac_cv_prog_ac_ct_CXX=g++
ac_cv_prog_cc_c89=
ac_cv_prog_cc_g=yes
ac_cv_prog_cxx_g=yes
ac_cv_prog_make_make_set=yes
ac_cv_type__Bool=yes
am_cv_CC_dependencies_compiler_type=gcc3
am_cv_CXX_dependencies_compiler_type=gcc3

## ----------------- ##
## Output variables. ##
## ----------------- ##

ACLOCAL='${SHELL} /home/peter/disaggregation/turbo-sub/Simulation/cpp/missing --run aclocal-1.11'
AMDEPBACKSLASH='\'
AMDEP_FALSE='#'
AMDEP_TRUE=''
AMTAR='$${TAR-tar}'
AUTOCONF='${SHELL} /home/peter/disaggregation/turbo-sub/Simulation/cpp/missing --run autoconf'
AUTOHEADER='${SHELL} /home/peter/disaggregation/turbo-sub/Simulation/cpp/missing --run autoheader'
AUTOMAKE='${SHELL} /home/peter/disaggregation/turbo-sub/Simulation/cpp/missing --run automake-1.11'
AWK='mawk'
CC='gcc'
CCDEPMODE='depmode=gcc3'
CFLAGS='-g -O3 -std=c++0x'
CPP='gcc -E'
CPPFLAGS=''
CXX='g++'
CXXDEPMODE='depmode=gcc3'
CXXFLAGS='-g -O2'
CYGPATH_W='echo'
DEFS='-DHAVE_CONFIG_H'
DEPDIR='.deps'
ECHO_C=''
ECHO_N='-n'
ECHO_T=''
EGREP='/bin/grep -E'
EXEEXT=''
GREP='/bin/grep'
INSTALL_DATA='${INSTALL} -m 644'
INSTALL_PROGRAM='${INSTALL}'
INSTALL_SCRIPT='${INSTALL}'
INSTALL_STRIP_PROGRAM='$(install_sh) -c -s'
LDFLAGS=''
LIBOBJS=''
LIBS=''
LTLIBOBJS=''
MAKEINFO='${SHELL} /home/peter/disaggregation/turbo-sub/Simulation/cpp/missing --run makeinfo'
MKDIR_P='/bin/mkdir -p'
OBJEXT='o'
PACKAGE='simulator'
PACKAGE_BUGREPORT='petergao@berkeley.edu'
PACKAGE_NAME='simulator'
PACKAGE_STRING='simulator 1.1'
PACKAGE_TARNAME='simulator'
PACKAGE_URL=''
PACKAGE_VERSION='1.1'
PATH_SEPARATOR=':'
SET_MAKE=''
SHELL='/bin/bash'
STRIP=''
VERSION='1.1'
ac_ct_CC='gcc'
ac_ct_CXX='g++'
am__EXEEXT_FALSE=''
am__EXEEXT_TRUE='#'
am__fastdepCC_FALSE='#'
am__fastdepCC_TRUE=''
am__fastdepCXX_FALSE='#'
am__fastdepCXX_TRUE=''
am__include='include'
am__isrc=''
am__leading_dot='.'
am__nodep='_no'
am__quote=''
am__tar='$${TAR-tar} chof - "$$tardir"'
am__untar='$${TAR-tar} xf -'
bindir='${exec_prefix}/bin'
build_alias=''
datadir='${datarootdir}'
datarootdir='${prefix}/share'
docdir='${datarootdir}/doc/${PACKAGE_TARNAME}'
dvidir='${docdir}'
exec_prefix='${prefix}'
host_alias=''
htmldir='${docdir}'
includedir='${prefix}/include'
infodir='${datarootdir}/info'
install_sh='${SHELL} /home/peter/disaggregation/turbo-sub/Simulation/cpp/install-sh'
libdir='${exec_prefix}/lib'
libexecdir='${exec_prefix}/libexec'
localedir='${datarootdir}/locale'
localstatedir='${prefix}/var'
mandir='${datarootdir}/man'
mkdir_p='/bin/mkdir -p'
oldincludedir='/usr/include'
pdfdir='${docdir}'
prefix='/usr/local'
program_transform_name='s,x,x,'
psdir='${docdir}'
sbindir='${exec_prefix}/sbin'
sharedstatedir='${prefix}/com'
sysconfdir='${prefix}/etc'
target_alias=''

## ----------- ##
## confdefs.h. ##
## ----------- ##

/* confdefs.h */
#define PACKAGE_NAME "simulator"
#define PACKAGE_TARNAME "simulator"
#define PACKAGE_VERSION "1.1"
#define PACKAGE_STRING "simulator 1.1"
#define PACKAGE_BUGREPORT "petergao@berkeley.edu"
#define PACKAGE_URL ""
#define PACKAGE "simulator"
#define VERSION "1.1"
#define STDC_HEADERS 1
#define HAVE_SYS_TYPES_H 1
#define HAVE_SYS_STAT_H 1
#define HAVE_STDLIB_H 1
#define HAVE_STRING_H 1
#define HAVE_MEMORY_H 1
#define HAVE_STRINGS_H 1
#define HAVE_INTTYPES_H 1
#define HAVE_STDINT_H 1
#define HAVE_UNISTD_H 1
#define HAVE_FLOAT_H 1
#define HAVE_STDINT_H 1
#define HAVE_STDLIB_H 1
#define HAVE__BOOL 1
#define HAVE_STDBOOL_H 1

configure: exit 0
